Using pre-set license
Built from '2021.3/staging' branch; Version is '2021.3.7f1 (24e8595d6d43) revision 2418777'; Using compiler version '192829333'; Build Type 'Release'
OS: 'Windows 10  (10.0.19044) 64bit Professional' Language: 'ko' Physical Memory: 16016 MB
BatchMode: 1, IsHumanControllingUs: 0, StartBugReporterOnCrash: 0, Is64bit: 1, IsPro: 1

COMMAND LINE ARGUMENTS:
C:\Program Files\Unity\Hub\Editor\2021.3.7f1\Editor\Unity.exe
-adb2
-batchMode
-noUpm
-name
AssetImportWorker0
-projectPath
C:/Users/user/Desktop/Portfolia/Portfolia
-logFile
Logs/AssetImportWorker0.log
-srvPort
60848
Successfully changed project path to: C:/Users/user/Desktop/Portfolia/Portfolia
C:/Users/user/Desktop/Portfolia/Portfolia
[UnityMemory] Configuration Parameters - Can be set up in boot.config
    "memorysetup-bucket-allocator-granularity=16"
    "memorysetup-bucket-allocator-bucket-count=8"
    "memorysetup-bucket-allocator-block-size=33554432"
    "memorysetup-bucket-allocator-block-count=8"
    "memorysetup-main-allocator-block-size=16777216"
    "memorysetup-thread-allocator-block-size=16777216"
    "memorysetup-gfx-main-allocator-block-size=16777216"
    "memorysetup-gfx-thread-allocator-block-size=16777216"
    "memorysetup-cache-allocator-block-size=4194304"
    "memorysetup-typetree-allocator-block-size=2097152"
    "memorysetup-profiler-bucket-allocator-granularity=16"
    "memorysetup-profiler-bucket-allocator-bucket-count=8"
    "memorysetup-profiler-bucket-allocator-block-size=33554432"
    "memorysetup-profiler-bucket-allocator-block-count=8"
    "memorysetup-profiler-allocator-block-size=16777216"
    "memorysetup-profiler-editor-allocator-block-size=1048576"
    "memorysetup-temp-allocator-size-main=16777216"
    "memorysetup-job-temp-allocator-block-size=2097152"
    "memorysetup-job-temp-allocator-block-size-background=1048576"
    "memorysetup-job-temp-allocator-reduction-small-platforms=262144"
    "memorysetup-temp-allocator-size-background-worker=32768"
    "memorysetup-temp-allocator-size-job-worker=262144"
    "memorysetup-temp-allocator-size-preload-manager=33554432"
    "memorysetup-temp-allocator-size-nav-mesh-worker=65536"
    "memorysetup-temp-allocator-size-audio-worker=65536"
    "memorysetup-temp-allocator-size-cloud-worker=32768"
    "memorysetup-temp-allocator-size-gi-baking-worker=262144"
    "memorysetup-temp-allocator-size-gfx=262144"
Refreshing native plugins compatible for Editor in 109.16 ms, found 3 plugins.
Preloading 0 native plugins for Editor in 0.00 ms.
Initialize engine version: 2021.3.7f1 (24e8595d6d43)
[Subsystems] Discovering subsystems at path C:/Program Files/Unity/Hub/Editor/2021.3.7f1/Editor/Data/Resources/UnitySubsystems
[Subsystems] Discovering subsystems at path C:/Users/user/Desktop/Portfolia/Portfolia/Assets
GfxDevice: creating device client; threaded=0; jobified=0
Direct3D:
    Version:  Direct3D 11.0 [level 11.1]
    Renderer: Intel(R) UHD Graphics (ID=0x4628)
    Vendor:   Intel
    VRAM:     8008 MB
    Driver:   30.0.101.2079
Initialize mono
Mono path[0] = 'C:/Program Files/Unity/Hub/Editor/2021.3.7f1/Editor/Data/Managed'
Mono path[1] = 'C:/Program Files/Unity/Hub/Editor/2021.3.7f1/Editor/Data/MonoBleedingEdge/lib/mono/unityjit-win32'
Mono config path = 'C:/Program Files/Unity/Hub/Editor/2021.3.7f1/Editor/Data/MonoBleedingEdge/etc'
Using monoOptions --debugger-agent=transport=dt_socket,embedding=1,server=y,suspend=n,address=127.0.0.1:56392
Begin MonoManager ReloadAssembly
Registering precompiled unity dll's ...
Register platform support module: C:/Program Files/Unity/Hub/Editor/2021.3.7f1/Editor/Data/PlaybackEngines/AndroidPlayer/UnityEditor.Android.Extensions.dll
Register platform support module: C:/Program Files/Unity/Hub/Editor/2021.3.7f1/Editor/Data/PlaybackEngines/WindowsStandaloneSupport/UnityEditor.WindowsStandalone.Extensions.dll
Registered in 0.008487 seconds.
Native extension for WindowsStandalone target not found
Native extension for Android target not found
Refreshing native plugins compatible for Editor in 109.11 ms, found 3 plugins.
Preloading 0 native plugins for Editor in 0.00 ms.
Mono: successfully reloaded assembly
- Completed reload, in  0.759 seconds
Domain Reload Profiling:
	ReloadAssembly (760ms)
		BeginReloadAssembly (86ms)
			ExecutionOrderSort (0ms)
			DisableScriptedObjects (0ms)
			BackupInstance (0ms)
			ReleaseScriptingObjects (0ms)
			CreateAndSetChildDomain (1ms)
		EndReloadAssembly (554ms)
			LoadAssemblies (84ms)
			RebuildTransferFunctionScriptingTraits (0ms)
			SetupTypeCache (127ms)
			ReleaseScriptCaches (0ms)
			RebuildScriptCaches (34ms)
			SetupLoadedEditorAssemblies (334ms)
				LogAssemblyErrors (0ms)
				InitializePlatformSupportModulesInManaged (66ms)
				SetLoadedEditorAssemblies (0ms)
				RefreshPlugins (109ms)
				BeforeProcessingInitializeOnLoad (1ms)
				ProcessInitializeOnLoadAttributes (104ms)
				ProcessInitializeOnLoadMethodAttributes (54ms)
				AfterProcessingInitializeOnLoad (0ms)
				EditorAssembliesLoaded (0ms)
			ExecutionOrderSort2 (0ms)
			AwakeInstancesAfterBackupRestoration (0ms)
Platform modules already initialized, skipping
Registering precompiled user dll's ...
Registered in 0.009361 seconds.
Begin MonoManager ReloadAssembly
Symbol file LoadedFromMemory doesn't match image C:\Users\user\Desktop\Portfolia\Portfolia\Library\PackageCache\com.unity.visualscripting@1.7.8\Editor\VisualScripting.Core\Dependencies\YamlDotNet\Unity.VisualScripting.YamlDotNet.dll
Symbol file LoadedFromMemory doesn't match image C:\Users\user\Desktop\Portfolia\Portfolia\Library\PackageCache\com.unity.visualscripting@1.7.8\Editor\VisualScripting.Core\Dependencies\DotNetZip\Unity.VisualScripting.IonicZip.dll
Native extension for WindowsStandalone target not found
Native extension for Android target not found
Refreshing native plugins compatible for Editor in 0.84 ms, found 3 plugins.
Preloading 0 native plugins for Editor in 0.00 ms.
Mono: successfully reloaded assembly
- Completed reload, in  1.292 seconds
Domain Reload Profiling:
	ReloadAssembly (1293ms)
		BeginReloadAssembly (245ms)
			ExecutionOrderSort (0ms)
			DisableScriptedObjects (6ms)
			BackupInstance (0ms)
			ReleaseScriptingObjects (0ms)
			CreateAndSetChildDomain (125ms)
		EndReloadAssembly (910ms)
			LoadAssemblies (108ms)
			RebuildTransferFunctionScriptingTraits (0ms)
			SetupTypeCache (281ms)
			ReleaseScriptCaches (1ms)
			RebuildScriptCaches (65ms)
			SetupLoadedEditorAssemblies (432ms)
				LogAssemblyErrors (0ms)
				InitializePlatformSupportModulesInManaged (16ms)
				SetLoadedEditorAssemblies (0ms)
				RefreshPlugins (1ms)
				BeforeProcessingInitializeOnLoad (98ms)
				ProcessInitializeOnLoadAttributes (272ms)
				ProcessInitializeOnLoadMethodAttributes (32ms)
				AfterProcessingInitializeOnLoad (13ms)
				EditorAssembliesLoaded (0ms)
			ExecutionOrderSort2 (0ms)
			AwakeInstancesAfterBackupRestoration (9ms)
Platform modules already initialized, skipping
========================================================================
Worker process is ready to serve import requests
Launched and connected shader compiler UnityShaderCompiler.exe after 0.05 seconds
Refreshing native plugins compatible for Editor in 0.81 ms, found 3 plugins.
Preloading 0 native plugins for Editor in 0.00 ms.
Unloading 3454 Unused Serialized files (Serialized files now loaded: 0)
Unloading 27 unused Assets / (111.2 KB). Loaded Objects now: 3919.
Memory consumption went from 124.5 MB to 124.4 MB.
Total: 3.325100 ms (FindLiveObjects: 0.378900 ms CreateObjectMapping: 0.119700 ms MarkObjects: 2.710200 ms  DeleteObjects: 0.115400 ms)

AssetImportParameters requested are different than current active one (requested -> active):
  custom:video-decoder-ogg-theora: a1e56fd34408186e4bbccfd4996cb3dc -> 
  custom:container-muxer-webm: aa71ff27fc2769a1b78a27578f13a17b -> 
  custom:container-demuxer-webm: 4f35f7cbe854078d1ac9338744f61a02 -> 
  custom:video-encoder-webm-vp8: eb34c28f22e8b96e1ab97ce403110664 -> 
  custom:audio-encoder-webm-vorbis: bf7c407c2cedff20999df2af8eb42d56 -> 
  custom:framework-win-MediaFoundation: 216162199b28c13a410421893ffa2e32 -> 
  custom:container-demuxer-ogg: 62fdf1f143b41e24485cea50d1cbac27 -> 
  custom:video-decoder-webm-vp8: 9c59270c3fd7afecdb556c50c9e8de78 -> 
  custom:audio-decoder-ogg-vorbis: bf7c407c2cedff20999df2af8eb42d56 -> 
========================================================================
Received Import Request.
  Time since last request: 140622.945081 seconds.
  path: Assets/Scenes/MainScene.unity
  artifactKey: Guid(fa3846e3acbfe5c40afc6384875a3128) Importer(815301076,1909f56bfc062723c751e8b465ee728b)
Start importing Assets/Scenes/MainScene.unity using Guid(fa3846e3acbfe5c40afc6384875a3128) Importer(815301076,1909f56bfc062723c751e8b465ee728b)  -> (artifact id: '286c42d7c7bb13e6a2e667f06f925842') in 0.011385 seconds 
========================================================================
Received Import Request.
  Time since last request: 16.190290 seconds.
  path: Assets/Scenes/SampleScene.unity
  artifactKey: Guid(9fc0d4010bbf28b4594072e72b8655ab) Importer(815301076,1909f56bfc062723c751e8b465ee728b)
Start importing Assets/Scenes/SampleScene.unity using Guid(9fc0d4010bbf28b4594072e72b8655ab) Importer(815301076,1909f56bfc062723c751e8b465ee728b)  -> (artifact id: '645e268124611e5c3d41cbf9e5616932') in 0.011050 seconds 
========================================================================
Received Import Request.
  Time since last request: 18.445030 seconds.
  path: Assets/CHERRY/Cherry
  artifactKey: Guid(a4e493fa3a4dbde49baf995df5becad8) Importer(815301076,1909f56bfc062723c751e8b465ee728b)
Start importing Assets/CHERRY/Cherry using Guid(a4e493fa3a4dbde49baf995df5becad8) Importer(815301076,1909f56bfc062723c751e8b465ee728b)  -> (artifact id: '1eaaf72a5bd07a271a01e4b07e6792c2') in 0.008661 seconds 
========================================================================
Received Import Request.
  Time since last request: 1.059324 seconds.
  path: Assets/CHERRY/Cherry/Edit_Object.unity
  artifactKey: Guid(039b363bf653adf499dd54e778573e8e) Importer(815301076,1909f56bfc062723c751e8b465ee728b)
Start importing Assets/CHERRY/Cherry/Edit_Object.unity using Guid(039b363bf653adf499dd54e778573e8e) Importer(815301076,1909f56bfc062723c751e8b465ee728b)  -> (artifact id: '95c00c226959aef2ff6698495b470573') in 0.008301 seconds 
========================================================================
Received Import Request.
  Time since last request: 149.077488 seconds.
  path: Assets/CHERRY/Cherry/Edit_Object.unity
  artifactKey: Guid(039b363bf653adf499dd54e778573e8e) Importer(815301076,1909f56bfc062723c751e8b465ee728b)
Start importing Assets/CHERRY/Cherry/Edit_Object.unity using Guid(039b363bf653adf499dd54e778573e8e) Importer(815301076,1909f56bfc062723c751e8b465ee728b)  -> (artifact id: 'd314f67bb4e1dd43b832f1d4953e7112') in 0.005890 seconds 
========================================================================
Received Import Request.
  Time since last request: 74.816961 seconds.
  path: Assets/Asset/Prop1_Office Supplies Low Poly/Assets/FBX/Eraser.fbx
  artifactKey: Guid(1c153fe863f3c4e618cc7810fd8fee58) Importer(815301076,1909f56bfc062723c751e8b465ee728b)
Start importing Assets/Asset/Prop1_Office Supplies Low Poly/Assets/FBX/Eraser.fbx using Guid(1c153fe863f3c4e618cc7810fd8fee58) Importer(815301076,1909f56bfc062723c751e8b465ee728b)  -> (artifact id: '5155841a98a8e2e702218816fef6d7f4') in 0.163347 seconds 
========================================================================
Received Import Request.
  Time since last request: 0.000040 seconds.
  path: Assets/Asset/Prop1_Office Supplies Low Poly/Assets/FBX/Pencil blue.fbx
  artifactKey: Guid(7d805195793504284bb76dcfac433781) Importer(815301076,1909f56bfc062723c751e8b465ee728b)
Start importing Assets/Asset/Prop1_Office Supplies Low Poly/Assets/FBX/Pencil blue.fbx using Guid(7d805195793504284bb76dcfac433781) Importer(815301076,1909f56bfc062723c751e8b465ee728b)  -> (artifact id: 'd421401d4b0b67bceb5593525b342ca0') in 0.033548 seconds 
========================================================================
Received Import Request.
  Time since last request: 0.000027 seconds.
  path: Assets/Asset/Prop1_Office Supplies Low Poly/Assets/FBX/Pen red.fbx
  artifactKey: Guid(df0b0a058ea60429e89e34a1179f1a10) Importer(815301076,1909f56bfc062723c751e8b465ee728b)
Start importing Assets/Asset/Prop1_Office Supplies Low Poly/Assets/FBX/Pen red.fbx using Guid(df0b0a058ea60429e89e34a1179f1a10) Importer(815301076,1909f56bfc062723c751e8b465ee728b)  -> (artifact id: '240ed754a0efa08a72604f09e55dc144') in 0.052504 seconds 
========================================================================
Received Import Request.
  Time since last request: 0.000039 seconds.
  path: Assets/Asset/Prop1_Office Supplies Low Poly/Assets/FBX/Stapler blue.fbx
  artifactKey: Guid(77e0316427a8743d2bbad33aeac536ad) Importer(815301076,1909f56bfc062723c751e8b465ee728b)
Start importing Assets/Asset/Prop1_Office Supplies Low Poly/Assets/FBX/Stapler blue.fbx using Guid(77e0316427a8743d2bbad33aeac536ad) Importer(815301076,1909f56bfc062723c751e8b465ee728b)  -> (artifact id: 'edaaeaef8dd2d528e460f0b0ca51a2e4') in 0.029348 seconds 
========================================================================
Received Import Request.
  Time since last request: 0.000034 seconds.
  path: Assets/Asset/Prop1_Office Supplies Low Poly/Assets/FBX/Stapler red.fbx
  artifactKey: Guid(2c2a53f9e92bf4669b5594d6a962585f) Importer(815301076,1909f56bfc062723c751e8b465ee728b)
Start importing Assets/Asset/Prop1_Office Supplies Low Poly/Assets/FBX/Stapler red.fbx using Guid(2c2a53f9e92bf4669b5594d6a962585f) Importer(815301076,1909f56bfc062723c751e8b465ee728b)  -> (artifact id: '10457a0b28a9c0449a813af71f9a9cb8') in 0.029177 seconds 
========================================================================
Received Import Request.
  Time since last request: 0.000030 seconds.
  path: Assets/Asset/Prop1_Office Supplies Low Poly/Assets/FBX/Legal pad.fbx
  artifactKey: Guid(a8fbe669bb32640fa9ae0bfb1086fecb) Importer(815301076,1909f56bfc062723c751e8b465ee728b)
Start importing Assets/Asset/Prop1_Office Supplies Low Poly/Assets/FBX/Legal pad.fbx using Guid(a8fbe669bb32640fa9ae0bfb1086fecb) Importer(815301076,1909f56bfc062723c751e8b465ee728b)  -> (artifact id: '77144cb843036681509e5e0b7ee9d4fa') in 0.031525 seconds 
========================================================================
Received Import Request.
  Time since last request: 0.000034 seconds.
  path: Assets/Asset/Prop1_Office Supplies Low Poly/Assets/FBX/Scissors black.fbx
  artifactKey: Guid(104afd0ebfdc44108b1d4fb97aeaf769) Importer(815301076,1909f56bfc062723c751e8b465ee728b)
Start importing Assets/Asset/Prop1_Office Supplies Low Poly/Assets/FBX/Scissors black.fbx using Guid(104afd0ebfdc44108b1d4fb97aeaf769) Importer(815301076,1909f56bfc062723c751e8b465ee728b)  -> (artifact id: '8ff42c0b45511f38b45523e4ffdc2c62') in 0.057241 seconds 
========================================================================
Received Import Request.
  Time since last request: 0.000031 seconds.
  path: Assets/Asset/Prop1_Office Supplies Low Poly/Assets/FBX/Pen black.fbx
  artifactKey: Guid(96c2da0d922d84461abee65d60dfdd46) Importer(815301076,1909f56bfc062723c751e8b465ee728b)
Start importing Assets/Asset/Prop1_Office Supplies Low Poly/Assets/FBX/Pen black.fbx using Guid(96c2da0d922d84461abee65d60dfdd46) Importer(815301076,1909f56bfc062723c751e8b465ee728b)  -> (artifact id: 'cdcbf1b4358e183c1cf13e98056a6ea4') in 0.050244 seconds 
========================================================================
Received Import Request.
  Time since last request: 0.000028 seconds.
  path: Assets/Asset/Prop1_Office Supplies Low Poly/Assets/FBX/Stapler black.fbx
  artifactKey: Guid(381f9e7e11c4f47a397786a4397d6b15) Importer(815301076,1909f56bfc062723c751e8b465ee728b)
Start importing Assets/Asset/Prop1_Office Supplies Low Poly/Assets/FBX/Stapler black.fbx using Guid(381f9e7e11c4f47a397786a4397d6b15) Importer(815301076,1909f56bfc062723c751e8b465ee728b)  -> (artifact id: '5d6e4bf92e04704f563dd382ea40d7cb') in 0.027033 seconds 
========================================================================
Received Import Request.
  Time since last request: 0.000029 seconds.
  path: Assets/Asset/Prop1_Office Supplies Low Poly/Assets/FBX/Pen green.fbx
  artifactKey: Guid(ef17dc6d5875548089b2f06a00206c18) Importer(815301076,1909f56bfc062723c751e8b465ee728b)
Start importing Assets/Asset/Prop1_Office Supplies Low Poly/Assets/FBX/Pen green.fbx using Guid(ef17dc6d5875548089b2f06a00206c18) Importer(815301076,1909f56bfc062723c751e8b465ee728b)  -> (artifact id: 'bb67fad28b8bd2ba0838ea47c35553f5') in 0.054557 seconds 
========================================================================
Received Import Request.
  Time since last request: 11.422422 seconds.
  path: Assets/Scenes/MainScene.unity
  artifactKey: Guid(fa3846e3acbfe5c40afc6384875a3128) Importer(815301076,1909f56bfc062723c751e8b465ee728b)
Start importing Assets/Scenes/MainScene.unity using Guid(fa3846e3acbfe5c40afc6384875a3128) Importer(815301076,1909f56bfc062723c751e8b465ee728b)  -> (artifact id: '8e4ca3711378fcdb3e37bc4db21684c2') in 0.008048 seconds 
========================================================================
Received Import Request.
  Time since last request: 26.243248 seconds.
  path: Assets/CHERRY/Cherry/SimplePixelUI/update 1.15/arrow_CC.png
  artifactKey: Guid(40cc30e0527a8ed499251b53aca4a2a4) Importer(815301076,1909f56bfc062723c751e8b465ee728b)
Start importing Assets/CHERRY/Cherry/SimplePixelUI/update 1.15/arrow_CC.png using Guid(40cc30e0527a8ed499251b53aca4a2a4) Importer(815301076,1909f56bfc062723c751e8b465ee728b)  -> (artifact id: '702d0bff75c410d1b49dbe286fb4881e') in 0.087177 seconds 
========================================================================
Received Import Request.
  Time since last request: 0.000026 seconds.
  path: Assets/CHERRY/Cherry/SimplePixelUI/artwork/colorCustomizible/square/scroll_vertical/background.png
  artifactKey: Guid(8cbb7fa52ff41954984ad7b3a7611167) Importer(815301076,1909f56bfc062723c751e8b465ee728b)
Start importing Assets/CHERRY/Cherry/SimplePixelUI/artwork/colorCustomizible/square/scroll_vertical/background.png using Guid(8cbb7fa52ff41954984ad7b3a7611167) Importer(815301076,1909f56bfc062723c751e8b465ee728b)  -> (artifact id: '8f779f1b900ae5782d7d78a0ac54d344') in 0.031891 seconds 
========================================================================
Received Import Request.
  Time since last request: 0.000037 seconds.
  path: Assets/CHERRY/Cherry/SimplePixelUI/artwork/colorCustomizible/square/background.png
  artifactKey: Guid(e4b7033fca3bc0e4192a1b77d73431d7) Importer(815301076,1909f56bfc062723c751e8b465ee728b)
Start importing Assets/CHERRY/Cherry/SimplePixelUI/artwork/colorCustomizible/square/background.png using Guid(e4b7033fca3bc0e4192a1b77d73431d7) Importer(815301076,1909f56bfc062723c751e8b465ee728b)  -> (artifact id: 'e539f8747df73584fb1a9b36a859c2e9') in 0.025214 seconds 
========================================================================
Received Import Request.
  Time since last request: 0.000022 seconds.
  path: Assets/CHERRY/Cherry/SimplePixelUI/artwork/halfcustomizible/square/Background.png
  artifactKey: Guid(415f47e567b53254d89b2a71143dd6a6) Importer(815301076,1909f56bfc062723c751e8b465ee728b)
Start importing Assets/CHERRY/Cherry/SimplePixelUI/artwork/halfcustomizible/square/Background.png using Guid(415f47e567b53254d89b2a71143dd6a6) Importer(815301076,1909f56bfc062723c751e8b465ee728b)  -> (artifact id: '99841f0ba30a9620497b897fea6ac721') in 0.033008 seconds 
========================================================================
Received Import Request.
  Time since last request: 1.497337 seconds.
  path: Assets/CHERRY/Cherry/SimplePixelUI/artwork/halfcustomizible/square/Slider2/background_background.png
  artifactKey: Guid(cd411473b4cfcf74db90b5e7c62523eb) Importer(815301076,1909f56bfc062723c751e8b465ee728b)
Start importing Assets/CHERRY/Cherry/SimplePixelUI/artwork/halfcustomizible/square/Slider2/background_background.png using Guid(cd411473b4cfcf74db90b5e7c62523eb) Importer(815301076,1909f56bfc062723c751e8b465ee728b)  -> (artifact id: 'bda045f448f46fbcb249c3371d384ea3') in 0.023846 seconds 
========================================================================
Received Import Request.
  Time since last request: 0.094156 seconds.
  path: Assets/CHERRY/Cherry/SimplePixelUI/artwork/gray/rounded/Background_GB_rounded.png
  artifactKey: Guid(d3c0f49491ca1984db8f070190a53b2a) Importer(815301076,1909f56bfc062723c751e8b465ee728b)
Start importing Assets/CHERRY/Cherry/SimplePixelUI/artwork/gray/rounded/Background_GB_rounded.png using Guid(d3c0f49491ca1984db8f070190a53b2a) Importer(815301076,1909f56bfc062723c751e8b465ee728b)  -> (artifact id: '3f7a21752ab95b97d730a56d298b839f') in 0.030750 seconds 
========================================================================
Received Import Request.
  Time since last request: 0.000029 seconds.
  path: Assets/CHERRY/Cherry/SimplePixelUI/artwork/halfcustomizible/square/Slider3/background_horizontal.png
  artifactKey: Guid(08d0b55f1b235c9499e8ee24e789198c) Importer(815301076,1909f56bfc062723c751e8b465ee728b)
Start importing Assets/CHERRY/Cherry/SimplePixelUI/artwork/halfcustomizible/square/Slider3/background_horizontal.png using Guid(08d0b55f1b235c9499e8ee24e789198c) Importer(815301076,1909f56bfc062723c751e8b465ee728b)  -> (artifact id: 'a38cbe1ff271b2284ad8e9a8d9a3e684') in 0.032133 seconds 
========================================================================
Received Import Request.
  Time since last request: 0.153562 seconds.
  path: Assets/CHERRY/Cherry/SimplePixelUI/artwork/halfcustomizible/square/Slider/background_Vertical.png
  artifactKey: Guid(b49a694ebba53cd4bbf1230c480b77e7) Importer(815301076,1909f56bfc062723c751e8b465ee728b)
Start importing Assets/CHERRY/Cherry/SimplePixelUI/artwork/halfcustomizible/square/Slider/background_Vertical.png using Guid(b49a694ebba53cd4bbf1230c480b77e7) Importer(815301076,1909f56bfc062723c751e8b465ee728b)  -> (artifact id: 'd02d9b085ee59912e1a54fc832f5367e') in 0.036751 seconds 
========================================================================
Received Import Request.
  Time since last request: 0.000042 seconds.
  path: Assets/CHERRY/Cherry/SimplePixelUI/artwork/colorCustomizible/rounded/bar_rounded_CC_horizontal.png
  artifactKey: Guid(ebe09f4a5655764478eb1eaf871ee9ab) Importer(815301076,1909f56bfc062723c751e8b465ee728b)
Start importing Assets/CHERRY/Cherry/SimplePixelUI/artwork/colorCustomizible/rounded/bar_rounded_CC_horizontal.png using Guid(ebe09f4a5655764478eb1eaf871ee9ab) Importer(815301076,1909f56bfc062723c751e8b465ee728b)  -> (artifact id: '79dc7657df280fb826c8cbf17d6f5bcb') in 0.024040 seconds 
========================================================================
Received Import Request.
  Time since last request: 0.110107 seconds.
  path: Assets/CHERRY/Cherry/SimplePixelUI/artwork/halfcustomizible/rounded/bar_rounded_HCC_horizontal.png
  artifactKey: Guid(e46cac61e2e0ffd4eacf4576c5d901ff) Importer(815301076,1909f56bfc062723c751e8b465ee728b)
Start importing Assets/CHERRY/Cherry/SimplePixelUI/artwork/halfcustomizible/rounded/bar_rounded_HCC_horizontal.png using Guid(e46cac61e2e0ffd4eacf4576c5d901ff) Importer(815301076,1909f56bfc062723c751e8b465ee728b)  -> (artifact id: '720b1378e05e5dd11a234f465ba6afdf') in 0.021537 seconds 
========================================================================
Received Import Request.
  Time since last request: 0.147374 seconds.
  path: Assets/CHERRY/Cherry/SimplePixelUI/artwork/colorCustomizible/square/border.png
  artifactKey: Guid(89c89d31cbb023d4a87840ff06fe110e) Importer(815301076,1909f56bfc062723c751e8b465ee728b)
Start importing Assets/CHERRY/Cherry/SimplePixelUI/artwork/colorCustomizible/square/border.png using Guid(89c89d31cbb023d4a87840ff06fe110e) Importer(815301076,1909f56bfc062723c751e8b465ee728b)  -> (artifact id: '84044a5968802fb92409ccd2be032b40') in 0.020992 seconds 
========================================================================
Received Import Request.
  Time since last request: 0.000067 seconds.
  path: Assets/CHERRY/Cherry/SimplePixelUI/artwork/halfcustomizible/rounded/border_Rounded_HCC.png
  artifactKey: Guid(0b9aaf1443f6b9844a66beafdcf25098) Importer(815301076,1909f56bfc062723c751e8b465ee728b)
Start importing Assets/CHERRY/Cherry/SimplePixelUI/artwork/halfcustomizible/rounded/border_Rounded_HCC.png using Guid(0b9aaf1443f6b9844a66beafdcf25098) Importer(815301076,1909f56bfc062723c751e8b465ee728b)  -> (artifact id: 'c75be7f05e41154186aadd4a5b40e435') in 0.023685 seconds 
========================================================================
Received Import Request.
  Time since last request: 0.000028 seconds.
  path: Assets/CHERRY/Cherry/SimplePixelUI/artwork/colorCustomizible/rounded/border_Rounded_CC.png
  artifactKey: Guid(ff24c02cb4cb49e4785ad1a46df6a6b4) Importer(815301076,1909f56bfc062723c751e8b465ee728b)
Start importing Assets/CHERRY/Cherry/SimplePixelUI/artwork/colorCustomizible/rounded/border_Rounded_CC.png using Guid(ff24c02cb4cb49e4785ad1a46df6a6b4) Importer(815301076,1909f56bfc062723c751e8b465ee728b)  -> (artifact id: 'c8d92cbb0f57da9086d7235035e6af8a') in 0.021999 seconds 
========================================================================
Received Import Request.
  Time since last request: 0.367842 seconds.
  path: Assets/CHERRY/Cherry/SimplePixelUI/artwork/colorCustomizible/rounded/buttons/button2_rounded_CC.png
  artifactKey: Guid(145f9f42fbe978947a25b213c84e7c2b) Importer(815301076,1909f56bfc062723c751e8b465ee728b)
Start importing Assets/CHERRY/Cherry/SimplePixelUI/artwork/colorCustomizible/rounded/buttons/button2_rounded_CC.png using Guid(145f9f42fbe978947a25b213c84e7c2b) Importer(815301076,1909f56bfc062723c751e8b465ee728b)  -> (artifact id: '31588ee873639b864bac20ac8dcc3dff') in 0.028681 seconds 
========================================================================
Received Import Request.
  Time since last request: 0.084768 seconds.
  path: Assets/CHERRY/Cherry/SimplePixelUI/artwork/halfcustomizible/rounded/buttons/button2_rounded_HCC.png
  artifactKey: Guid(e4047f1078050064dbc10bd5a407974a) Importer(815301076,1909f56bfc062723c751e8b465ee728b)
Start importing Assets/CHERRY/Cherry/SimplePixelUI/artwork/halfcustomizible/rounded/buttons/button2_rounded_HCC.png using Guid(e4047f1078050064dbc10bd5a407974a) Importer(815301076,1909f56bfc062723c751e8b465ee728b)  -> (artifact id: '40f49ae6207ae736ccf048ad12f8dedb') in 0.029486 seconds 
========================================================================
Received Import Request.
  Time since last request: 0.000031 seconds.
  path: Assets/CHERRY/Cherry/SimplePixelUI/artwork/colorCustomizible/square/Buttons/button_1.png
  artifactKey: Guid(79042c13debeb044796be3b9aabbc85f) Importer(815301076,1909f56bfc062723c751e8b465ee728b)
Start importing Assets/CHERRY/Cherry/SimplePixelUI/artwork/colorCustomizible/square/Buttons/button_1.png using Guid(79042c13debeb044796be3b9aabbc85f) Importer(815301076,1909f56bfc062723c751e8b465ee728b)  -> (artifact id: '6727ac5b38b19e6f040f386c523736d1') in 0.023762 seconds 
========================================================================
Received Import Request.
  Time since last request: 12.408016 seconds.
  path: Assets/CHERRY/Cherry/ui2/ui2/화이트보드01.png
  artifactKey: Guid(0271a0f4a17572d4b8a226cb662daf3a) Importer(815301076,1909f56bfc062723c751e8b465ee728b)
Start importing Assets/CHERRY/Cherry/ui2/ui2/화이트보드01.png using Guid(0271a0f4a17572d4b8a226cb662daf3a) Importer(815301076,1909f56bfc062723c751e8b465ee728b)  -> (artifact id: '086b1feb713f2d1e478e69c598cf6a0a') in 0.029883 seconds 
========================================================================
Received Import Request.
  Time since last request: 0.109711 seconds.
  path: Assets/CHERRY/Cherry/UI_Images/UI_Images/태블릿01.png
  artifactKey: Guid(e85d57e7dea616544a17f007bbe2d01f) Importer(815301076,1909f56bfc062723c751e8b465ee728b)
Start importing Assets/CHERRY/Cherry/UI_Images/UI_Images/태블릿01.png using Guid(e85d57e7dea616544a17f007bbe2d01f) Importer(815301076,1909f56bfc062723c751e8b465ee728b)  -> (artifact id: '335653e56a91533c522d4ccd253a1fd2') in 0.027353 seconds 
========================================================================
Received Import Request.
  Time since last request: 0.505107 seconds.
  path: Assets/CHERRY/Cherry/UI_Images/UI_Images/큰화분02.png
  artifactKey: Guid(a9e69da9dbb211645aeaee4a0c01f494) Importer(815301076,1909f56bfc062723c751e8b465ee728b)
Start importing Assets/CHERRY/Cherry/UI_Images/UI_Images/큰화분02.png using Guid(a9e69da9dbb211645aeaee4a0c01f494) Importer(815301076,1909f56bfc062723c751e8b465ee728b)  -> (artifact id: '7aa36ddc8810be8f809313983aa8b0c7') in 0.028928 seconds 
========================================================================
Received Import Request.
  Time since last request: 0.603864 seconds.
  path: Assets/CHERRY/Cherry/UI_Images/UI_Images/콜라01.png
  artifactKey: Guid(13b7ca5b0b049754da28a800f5fe91a0) Importer(815301076,1909f56bfc062723c751e8b465ee728b)
Start importing Assets/CHERRY/Cherry/UI_Images/UI_Images/콜라01.png using Guid(13b7ca5b0b049754da28a800f5fe91a0) Importer(815301076,1909f56bfc062723c751e8b465ee728b)  -> (artifact id: '94dc2278911b0afc6d8134dd5cb99b01') in 0.028001 seconds 
========================================================================
Received Import Request.
  Time since last request: 0.032949 seconds.
  path: Assets/CHERRY/Cherry/UI_Images/UI_Images/책상04.png
  artifactKey: Guid(dd8e14b18e942604a9efbc66cb7d895e) Importer(815301076,1909f56bfc062723c751e8b465ee728b)
Start importing Assets/CHERRY/Cherry/UI_Images/UI_Images/책상04.png using Guid(dd8e14b18e942604a9efbc66cb7d895e) Importer(815301076,1909f56bfc062723c751e8b465ee728b)  -> (artifact id: '9bb69fd5e8710c63259bfe8349c5f0d3') in 0.035953 seconds 
========================================================================
Received Import Request.
  Time since last request: 0.067241 seconds.
  path: Assets/CHERRY/Cherry/SimplePixelUI/artwork/icons/isons_black.png
  artifactKey: Guid(84356da12a8249c499e709f4475f15d8) Importer(815301076,1909f56bfc062723c751e8b465ee728b)
Start importing Assets/CHERRY/Cherry/SimplePixelUI/artwork/icons/isons_black.png using Guid(84356da12a8249c499e709f4475f15d8) Importer(815301076,1909f56bfc062723c751e8b465ee728b)  -> (artifact id: '3cadeef2bc4a49a0571d875b139a8b64') in 0.199375 seconds 
========================================================================
Received Import Request.
  Time since last request: 0.000045 seconds.
  path: Assets/CHERRY/Cherry/SimplePixelUI/artwork/halfcustomizible/square/InputField.png
  artifactKey: Guid(f183362426368e34496b9cd8904a5c1a) Importer(815301076,1909f56bfc062723c751e8b465ee728b)
Start importing Assets/CHERRY/Cherry/SimplePixelUI/artwork/halfcustomizible/square/InputField.png using Guid(f183362426368e34496b9cd8904a5c1a) Importer(815301076,1909f56bfc062723c751e8b465ee728b)  -> (artifact id: '432266b92bc9dfda3cd7ffac65c635ea') in 0.024242 seconds 
========================================================================
Received Import Request.
  Time since last request: 0.000031 seconds.
  path: Assets/CHERRY/Cherry/SimplePixelUI/artwork/gray/square/Buttons/button_small_2.png
  artifactKey: Guid(0282d5679668d964c9f02d062737bafd) Importer(815301076,1909f56bfc062723c751e8b465ee728b)
Start importing Assets/CHERRY/Cherry/SimplePixelUI/artwork/gray/square/Buttons/button_small_2.png using Guid(0282d5679668d964c9f02d062737bafd) Importer(815301076,1909f56bfc062723c751e8b465ee728b)  -> (artifact id: '8e721225c8f7cf2dad1bf267c979072d') in 0.020472 seconds 
========================================================================
Received Import Request.
  Time since last request: 0.000021 seconds.
  path: Assets/CHERRY/Cherry/SimplePixelUI/artwork/colorCustomizible/rounded/buttons/button_rounded_CC.png
  artifactKey: Guid(434fa6af2ca63ad4ba4ea00b9270653b) Importer(815301076,1909f56bfc062723c751e8b465ee728b)
Start importing Assets/CHERRY/Cherry/SimplePixelUI/artwork/colorCustomizible/rounded/buttons/button_rounded_CC.png using Guid(434fa6af2ca63ad4ba4ea00b9270653b) Importer(815301076,1909f56bfc062723c751e8b465ee728b)  -> (artifact id: '499071f5b4fdccd3c906eb040d9a2e2b') in 0.023427 seconds 
========================================================================
Received Import Request.
  Time since last request: 0.000043 seconds.
  path: Assets/CHERRY/Cherry/SimplePixelUI/artwork/colorCustomizible/square/Buttons/button_2.png
  artifactKey: Guid(17bd7baa51c566f4dbc8839abd07fbb3) Importer(815301076,1909f56bfc062723c751e8b465ee728b)
Start importing Assets/CHERRY/Cherry/SimplePixelUI/artwork/colorCustomizible/square/Buttons/button_2.png using Guid(17bd7baa51c566f4dbc8839abd07fbb3) Importer(815301076,1909f56bfc062723c751e8b465ee728b)  -> (artifact id: 'c2fd2e68ee682fd74644b993458c50bb') in 0.024178 seconds 
========================================================================
Received Import Request.
  Time since last request: 0.000024 seconds.
  path: Assets/CHERRY/Cherry/SimplePixelUI/artwork/gray/rounded/buttons/button_rounded_GB.png
  artifactKey: Guid(362946eb8ac1482438202515bae297dc) Importer(815301076,1909f56bfc062723c751e8b465ee728b)
Start importing Assets/CHERRY/Cherry/SimplePixelUI/artwork/gray/rounded/buttons/button_rounded_GB.png using Guid(362946eb8ac1482438202515bae297dc) Importer(815301076,1909f56bfc062723c751e8b465ee728b)  -> (artifact id: 'c129f1f207e4527b626060a3d4625933') in 0.040018 seconds 
========================================================================
Received Import Request.
  Time since last request: 0.000038 seconds.
  path: Assets/CHERRY/Cherry/SimplePixelUI/artwork/halfcustomizible/square/health_bar.png
  artifactKey: Guid(f954ddc440caa57419e70c4d3c8d8843) Importer(815301076,1909f56bfc062723c751e8b465ee728b)
Start importing Assets/CHERRY/Cherry/SimplePixelUI/artwork/halfcustomizible/square/health_bar.png using Guid(f954ddc440caa57419e70c4d3c8d8843) Importer(815301076,1909f56bfc062723c751e8b465ee728b)  -> (artifact id: 'cd2ffbf910779679c82ff13e778b89b8') in 0.027287 seconds 
========================================================================
Received Import Request.
  Time since last request: 0.000038 seconds.
  path: Assets/CHERRY/Cherry/SimplePixelUI/artwork/colorCustomizible/square/health_bar.png
  artifactKey: Guid(82306ec1555e74d41b5fc97d5e09f8e2) Importer(815301076,1909f56bfc062723c751e8b465ee728b)
Start importing Assets/CHERRY/Cherry/SimplePixelUI/artwork/colorCustomizible/square/health_bar.png using Guid(82306ec1555e74d41b5fc97d5e09f8e2) Importer(815301076,1909f56bfc062723c751e8b465ee728b)  -> (artifact id: '54d32553fdd8bec3a30031bd857e1d21') in 0.023388 seconds 
========================================================================
Received Import Request.
  Time since last request: 0.000029 seconds.
  path: Assets/CHERRY/Cherry/SimplePixelUI/artwork/gray/square/InputField.png
  artifactKey: Guid(e9312638ee2226247bff375f12afbe39) Importer(815301076,1909f56bfc062723c751e8b465ee728b)
Start importing Assets/CHERRY/Cherry/SimplePixelUI/artwork/gray/square/InputField.png using Guid(e9312638ee2226247bff375f12afbe39) Importer(815301076,1909f56bfc062723c751e8b465ee728b)  -> (artifact id: '1c2cd58e7a637a03c9ebd905ba335493') in 0.023064 seconds 
========================================================================
Received Import Request.
  Time since last request: 0.000045 seconds.
  path: Assets/CHERRY/Cherry/SimplePixelUI/artwork/halfcustomizible/square/Buttons/button_small_2.png
  artifactKey: Guid(d069eee53ae0d4a4e9a92c1eac8b065c) Importer(815301076,1909f56bfc062723c751e8b465ee728b)
Start importing Assets/CHERRY/Cherry/SimplePixelUI/artwork/halfcustomizible/square/Buttons/button_small_2.png using Guid(d069eee53ae0d4a4e9a92c1eac8b065c) Importer(815301076,1909f56bfc062723c751e8b465ee728b)  -> (artifact id: 'acef187e76f85dfa5328bfde540268c9') in 0.025627 seconds 
========================================================================
Received Import Request.
  Time since last request: 0.000039 seconds.
  path: Assets/CHERRY/Cherry/SimplePixelUI/artwork/colorCustomizible/square/Buttons/button_small_1.png
  artifactKey: Guid(214e42740cbf6c1448b1f08fb3e30a55) Importer(815301076,1909f56bfc062723c751e8b465ee728b)
Start importing Assets/CHERRY/Cherry/SimplePixelUI/artwork/colorCustomizible/square/Buttons/button_small_1.png using Guid(214e42740cbf6c1448b1f08fb3e30a55) Importer(815301076,1909f56bfc062723c751e8b465ee728b)  -> (artifact id: 'b2293d28cfe00438c794a7d4ced81fda') in 0.018901 seconds 
========================================================================
Received Import Request.
  Time since last request: 78.745655 seconds.
  path: Assets/Scenes/Start.unity
  artifactKey: Guid(5618dd4b5d77c1d42803cb25d8692c04) Importer(815301076,1909f56bfc062723c751e8b465ee728b)
Start importing Assets/Scenes/Start.unity using Guid(5618dd4b5d77c1d42803cb25d8692c04) Importer(815301076,1909f56bfc062723c751e8b465ee728b)  -> (artifact id: 'e7b057b086a598c40bed1abef9f5b612') in 0.006249 seconds 
========================================================================
Received Import Request.
  Time since last request: 49.646882 seconds.
  path: Assets/Scenes/MainScene.unity
  artifactKey: Guid(fa3846e3acbfe5c40afc6384875a3128) Importer(815301076,1909f56bfc062723c751e8b465ee728b)
Start importing Assets/Scenes/MainScene.unity using Guid(fa3846e3acbfe5c40afc6384875a3128) Importer(815301076,1909f56bfc062723c751e8b465ee728b)  -> (artifact id: '39f4a880af6679a674bb6b508c0adcaa') in 0.003088 seconds 
========================================================================
Received Import Request.
  Time since last request: 158.022763 seconds.
  path: Assets/CHERRY/Cherry/SimplePixelUI/update 1.15/dropdown_CC.png
  artifactKey: Guid(ce9a9009142e1b04ebebbacbd4ea07d6) Importer(815301076,1909f56bfc062723c751e8b465ee728b)
Start importing Assets/CHERRY/Cherry/SimplePixelUI/update 1.15/dropdown_CC.png using Guid(ce9a9009142e1b04ebebbacbd4ea07d6) Importer(815301076,1909f56bfc062723c751e8b465ee728b)  -> (artifact id: 'a66b70bddd625b960199e9cc338632c4') in 0.030306 seconds 
========================================================================
Received Import Request.
  Time since last request: 2.365005 seconds.
  path: Assets/CHERRY/Cherry/SimplePixelUI/update 1.15/dropdown_GB.png
  artifactKey: Guid(0bd7ebb4d8b09d44ca8d8480cb9cba40) Importer(815301076,1909f56bfc062723c751e8b465ee728b)
Start importing Assets/CHERRY/Cherry/SimplePixelUI/update 1.15/dropdown_GB.png using Guid(0bd7ebb4d8b09d44ca8d8480cb9cba40) Importer(815301076,1909f56bfc062723c751e8b465ee728b)  -> (artifact id: 'ac781d0f8c3bb4b2b77a1691d1030c10') in 0.024430 seconds 
========================================================================
Received Import Request.
  Time since last request: 0.587927 seconds.
  path: Assets/CHERRY/Cherry/SimplePixelUI/update 1.15/dropdown_rounded_CC.png
  artifactKey: Guid(b75ba154dac4d664aba533ede099ae21) Importer(815301076,1909f56bfc062723c751e8b465ee728b)
Start importing Assets/CHERRY/Cherry/SimplePixelUI/update 1.15/dropdown_rounded_CC.png using Guid(b75ba154dac4d664aba533ede099ae21) Importer(815301076,1909f56bfc062723c751e8b465ee728b)  -> (artifact id: '6eb187b72c115781bd275d68328e1cbb') in 0.037173 seconds 
========================================================================
Received Import Request.
  Time since last request: 0.096485 seconds.
  path: Assets/CHERRY/Cherry/SimplePixelUI/update 1.15/dropdown_rounded_HCC.png
  artifactKey: Guid(7f4dc7bd10a451142a52da3094c23e3a) Importer(815301076,1909f56bfc062723c751e8b465ee728b)
Start importing Assets/CHERRY/Cherry/SimplePixelUI/update 1.15/dropdown_rounded_HCC.png using Guid(7f4dc7bd10a451142a52da3094c23e3a) Importer(815301076,1909f56bfc062723c751e8b465ee728b)  -> (artifact id: '3bd99c6bd9f6a3ef8b1737c96e1513fc') in 0.030531 seconds 
========================================================================
Received Import Request.
  Time since last request: 0.655993 seconds.
  path: Assets/CHERRY/Cherry/SimplePixelUI/artwork/halfcustomizible/square/Slider/filled.png
  artifactKey: Guid(47d2e7097cc912d40971fcca6913d3d3) Importer(815301076,1909f56bfc062723c751e8b465ee728b)
Start importing Assets/CHERRY/Cherry/SimplePixelUI/artwork/halfcustomizible/square/Slider/filled.png using Guid(47d2e7097cc912d40971fcca6913d3d3) Importer(815301076,1909f56bfc062723c751e8b465ee728b)  -> (artifact id: 'f3364c3ea2676b3a6e1cee3d730a307b') in 0.035266 seconds 
========================================================================
Received Import Request.
  Time since last request: 0.000020 seconds.
  path: Assets/CHERRY/Cherry/SimplePixelUI/artwork/halfcustomizible/square/Slider3/filled_horizontal.png
  artifactKey: Guid(36e1e0f5c2f8587439cd4531adf18c5c) Importer(815301076,1909f56bfc062723c751e8b465ee728b)
Start importing Assets/CHERRY/Cherry/SimplePixelUI/artwork/halfcustomizible/square/Slider3/filled_horizontal.png using Guid(36e1e0f5c2f8587439cd4531adf18c5c) Importer(815301076,1909f56bfc062723c751e8b465ee728b)  -> (artifact id: '873be1f69c893598fc54800d02cfba53') in 0.038064 seconds 
========================================================================
Received Prepare
Registering precompiled user dll's ...
Registered in 0.005631 seconds.
Begin MonoManager ReloadAssembly
Symbol file LoadedFromMemory doesn't match image C:\Users\user\Desktop\Portfolia\Portfolia\Library\PackageCache\com.unity.visualscripting@1.7.8\Editor\VisualScripting.Core\Dependencies\YamlDotNet\Unity.VisualScripting.YamlDotNet.dll
Symbol file LoadedFromMemory doesn't match image C:\Users\user\Desktop\Portfolia\Portfolia\Library\PackageCache\com.unity.visualscripting@1.7.8\Editor\VisualScripting.Core\Dependencies\DotNetZip\Unity.VisualScripting.IonicZip.dll
Native extension for WindowsStandalone target not found
Native extension for Android target not found
Refreshing native plugins compatible for Editor in 0.75 ms, found 3 plugins.
Preloading 0 native plugins for Editor in 0.00 ms.
Mono: successfully reloaded assembly
- Completed reload, in  1.036 seconds
Domain Reload Profiling:
	ReloadAssembly (1037ms)
		BeginReloadAssembly (143ms)
			ExecutionOrderSort (0ms)
			DisableScriptedObjects (5ms)
			BackupInstance (0ms)
			ReleaseScriptingObjects (0ms)
			CreateAndSetChildDomain (36ms)
		EndReloadAssembly (788ms)
			LoadAssemblies (99ms)
			RebuildTransferFunctionScriptingTraits (0ms)
			SetupTypeCache (280ms)
			ReleaseScriptCaches (1ms)
			RebuildScriptCaches (51ms)
			SetupLoadedEditorAssemblies (320ms)
				LogAssemblyErrors (0ms)
				InitializePlatformSupportModulesInManaged (23ms)
				SetLoadedEditorAssemblies (1ms)
				RefreshPlugins (1ms)
				BeforeProcessingInitializeOnLoad (66ms)
				ProcessInitializeOnLoadAttributes (193ms)
				ProcessInitializeOnLoadMethodAttributes (28ms)
				AfterProcessingInitializeOnLoad (8ms)
				EditorAssembliesLoaded (0ms)
			ExecutionOrderSort2 (0ms)
			AwakeInstancesAfterBackupRestoration (9ms)
Platform modules already initialized, skipping
Refreshing native plugins compatible for Editor in 2.10 ms, found 3 plugins.
Preloading 0 native plugins for Editor in 0.00 ms.
Unloading 3436 Unused Serialized files (Serialized files now loaded: 0)
Unloading 20 unused Assets / (78.8 KB). Loaded Objects now: 3976.
Memory consumption went from 127.7 MB to 127.6 MB.
Total: 4.189000 ms (FindLiveObjects: 0.345600 ms CreateObjectMapping: 0.184300 ms MarkObjects: 3.532300 ms  DeleteObjects: 0.125600 ms)

AssetImportParameters requested are different than current active one (requested -> active):
  custom:video-decoder-ogg-theora: a1e56fd34408186e4bbccfd4996cb3dc -> 
  custom:container-muxer-webm: aa71ff27fc2769a1b78a27578f13a17b -> 
  custom:container-demuxer-webm: 4f35f7cbe854078d1ac9338744f61a02 -> 
  custom:video-encoder-webm-vp8: eb34c28f22e8b96e1ab97ce403110664 -> 
  custom:audio-encoder-webm-vorbis: bf7c407c2cedff20999df2af8eb42d56 -> 
  custom:framework-win-MediaFoundation: 216162199b28c13a410421893ffa2e32 -> 
  custom:container-demuxer-ogg: 62fdf1f143b41e24485cea50d1cbac27 -> 
  custom:video-decoder-webm-vp8: 9c59270c3fd7afecdb556c50c9e8de78 -> 
  custom:audio-decoder-ogg-vorbis: bf7c407c2cedff20999df2af8eb42d56 -> 
========================================================================
Received Prepare
Registering precompiled user dll's ...
Registered in 0.007692 seconds.
Begin MonoManager ReloadAssembly
Symbol file LoadedFromMemory doesn't match image C:\Users\user\Desktop\Portfolia\Portfolia\Library\PackageCache\com.unity.visualscripting@1.7.8\Editor\VisualScripting.Core\Dependencies\YamlDotNet\Unity.VisualScripting.YamlDotNet.dll
Symbol file LoadedFromMemory doesn't match image C:\Users\user\Desktop\Portfolia\Portfolia\Library\PackageCache\com.unity.visualscripting@1.7.8\Editor\VisualScripting.Core\Dependencies\DotNetZip\Unity.VisualScripting.IonicZip.dll
Native extension for WindowsStandalone target not found
Native extension for Android target not found
Refreshing native plugins compatible for Editor in 0.90 ms, found 3 plugins.
Preloading 0 native plugins for Editor in 0.00 ms.
Mono: successfully reloaded assembly
- Completed reload, in  1.030 seconds
Domain Reload Profiling:
	ReloadAssembly (1031ms)
		BeginReloadAssembly (147ms)
			ExecutionOrderSort (0ms)
			DisableScriptedObjects (5ms)
			BackupInstance (0ms)
			ReleaseScriptingObjects (0ms)
			CreateAndSetChildDomain (35ms)
		EndReloadAssembly (780ms)
			LoadAssemblies (103ms)
			RebuildTransferFunctionScriptingTraits (0ms)
			SetupTypeCache (268ms)
			ReleaseScriptCaches (1ms)
			RebuildScriptCaches (39ms)
			SetupLoadedEditorAssemblies (329ms)
				LogAssemblyErrors (0ms)
				InitializePlatformSupportModulesInManaged (26ms)
				SetLoadedEditorAssemblies (0ms)
				RefreshPlugins (1ms)
				BeforeProcessingInitializeOnLoad (70ms)
				ProcessInitializeOnLoadAttributes (190ms)
				ProcessInitializeOnLoadMethodAttributes (29ms)
				AfterProcessingInitializeOnLoad (12ms)
				EditorAssembliesLoaded (0ms)
			ExecutionOrderSort2 (0ms)
			AwakeInstancesAfterBackupRestoration (12ms)
Platform modules already initialized, skipping
Refreshing native plugins compatible for Editor in 2.16 ms, found 3 plugins.
Preloading 0 native plugins for Editor in 0.00 ms.
Unloading 3436 Unused Serialized files (Serialized files now loaded: 0)
Unloading 20 unused Assets / (78.7 KB). Loaded Objects now: 3979.
Memory consumption went from 127.7 MB to 127.6 MB.
Total: 3.921600 ms (FindLiveObjects: 0.280100 ms CreateObjectMapping: 0.086400 ms MarkObjects: 3.432700 ms  DeleteObjects: 0.121100 ms)

AssetImportParameters requested are different than current active one (requested -> active):
  custom:video-decoder-ogg-theora: a1e56fd34408186e4bbccfd4996cb3dc -> 
  custom:container-muxer-webm: aa71ff27fc2769a1b78a27578f13a17b -> 
  custom:container-demuxer-webm: 4f35f7cbe854078d1ac9338744f61a02 -> 
  custom:video-encoder-webm-vp8: eb34c28f22e8b96e1ab97ce403110664 -> 
  custom:audio-encoder-webm-vorbis: bf7c407c2cedff20999df2af8eb42d56 -> 
  custom:framework-win-MediaFoundation: 216162199b28c13a410421893ffa2e32 -> 
  custom:container-demuxer-ogg: 62fdf1f143b41e24485cea50d1cbac27 -> 
  custom:video-decoder-webm-vp8: 9c59270c3fd7afecdb556c50c9e8de78 -> 
  custom:audio-decoder-ogg-vorbis: bf7c407c2cedff20999df2af8eb42d56 -> 
========================================================================
Received Prepare
Registering precompiled user dll's ...
Registered in 0.007328 seconds.
Begin MonoManager ReloadAssembly
Symbol file LoadedFromMemory doesn't match image C:\Users\user\Desktop\Portfolia\Portfolia\Library\PackageCache\com.unity.visualscripting@1.7.8\Editor\VisualScripting.Core\Dependencies\YamlDotNet\Unity.VisualScripting.YamlDotNet.dll
Symbol file LoadedFromMemory doesn't match image C:\Users\user\Desktop\Portfolia\Portfolia\Library\PackageCache\com.unity.visualscripting@1.7.8\Editor\VisualScripting.Core\Dependencies\DotNetZip\Unity.VisualScripting.IonicZip.dll
Native extension for WindowsStandalone target not found
Native extension for Android target not found
Refreshing native plugins compatible for Editor in 0.78 ms, found 3 plugins.
Preloading 0 native plugins for Editor in 0.00 ms.
Mono: successfully reloaded assembly
- Completed reload, in  1.029 seconds
Domain Reload Profiling:
	ReloadAssembly (1030ms)
		BeginReloadAssembly (139ms)
			ExecutionOrderSort (0ms)
			DisableScriptedObjects (6ms)
			BackupInstance (0ms)
			ReleaseScriptingObjects (0ms)
			CreateAndSetChildDomain (35ms)
		EndReloadAssembly (785ms)
			LoadAssemblies (91ms)
			RebuildTransferFunctionScriptingTraits (0ms)
			SetupTypeCache (281ms)
			ReleaseScriptCaches (1ms)
			RebuildScriptCaches (40ms)
			SetupLoadedEditorAssemblies (326ms)
				LogAssemblyErrors (0ms)
				InitializePlatformSupportModulesInManaged (23ms)
				SetLoadedEditorAssemblies (0ms)
				RefreshPlugins (1ms)
				BeforeProcessingInitializeOnLoad (68ms)
				ProcessInitializeOnLoadAttributes (196ms)
				ProcessInitializeOnLoadMethodAttributes (29ms)
				AfterProcessingInitializeOnLoad (8ms)
				EditorAssembliesLoaded (0ms)
			ExecutionOrderSort2 (0ms)
			AwakeInstancesAfterBackupRestoration (13ms)
Platform modules already initialized, skipping
Refreshing native plugins compatible for Editor in 2.95 ms, found 3 plugins.
Preloading 0 native plugins for Editor in 0.00 ms.
Unloading 3436 Unused Serialized files (Serialized files now loaded: 0)
Unloading 20 unused Assets / (78.8 KB). Loaded Objects now: 3982.
Memory consumption went from 127.7 MB to 127.6 MB.
Total: 8.809300 ms (FindLiveObjects: 0.733600 ms CreateObjectMapping: 0.322100 ms MarkObjects: 7.329200 ms  DeleteObjects: 0.422300 ms)

AssetImportParameters requested are different than current active one (requested -> active):
  custom:video-decoder-ogg-theora: a1e56fd34408186e4bbccfd4996cb3dc -> 
  custom:container-muxer-webm: aa71ff27fc2769a1b78a27578f13a17b -> 
  custom:container-demuxer-webm: 4f35f7cbe854078d1ac9338744f61a02 -> 
  custom:video-encoder-webm-vp8: eb34c28f22e8b96e1ab97ce403110664 -> 
  custom:audio-encoder-webm-vorbis: bf7c407c2cedff20999df2af8eb42d56 -> 
  custom:framework-win-MediaFoundation: 216162199b28c13a410421893ffa2e32 -> 
  custom:container-demuxer-ogg: 62fdf1f143b41e24485cea50d1cbac27 -> 
  custom:video-decoder-webm-vp8: 9c59270c3fd7afecdb556c50c9e8de78 -> 
  custom:audio-decoder-ogg-vorbis: bf7c407c2cedff20999df2af8eb42d56 -> 
========================================================================
Received Import Request.
  Time since last request: 214.165911 seconds.
  path: Assets/Seeeeun/FENCE.prefab
  artifactKey: Guid(aaf84fea5f5a3764fad7236b2e7c6fe6) Importer(815301076,1909f56bfc062723c751e8b465ee728b)
Start importing Assets/Seeeeun/FENCE.prefab using Guid(aaf84fea5f5a3764fad7236b2e7c6fe6) Importer(815301076,1909f56bfc062723c751e8b465ee728b)  -> (artifact id: '0874ebf0a13b6455f81cd41d96361907') in 0.093647 seconds 
========================================================================
Received Prepare
Registering precompiled user dll's ...
Registered in 0.008367 seconds.
Begin MonoManager ReloadAssembly
Symbol file LoadedFromMemory doesn't match image C:\Users\user\Desktop\Portfolia\Portfolia\Library\PackageCache\com.unity.visualscripting@1.7.8\Editor\VisualScripting.Core\Dependencies\YamlDotNet\Unity.VisualScripting.YamlDotNet.dll
Symbol file LoadedFromMemory doesn't match image C:\Users\user\Desktop\Portfolia\Portfolia\Library\PackageCache\com.unity.visualscripting@1.7.8\Editor\VisualScripting.Core\Dependencies\DotNetZip\Unity.VisualScripting.IonicZip.dll
Native extension for WindowsStandalone target not found
Native extension for Android target not found
Refreshing native plugins compatible for Editor in 4.54 ms, found 3 plugins.
Preloading 0 native plugins for Editor in 0.00 ms.
Mono: successfully reloaded assembly
- Completed reload, in  2.124 seconds
Domain Reload Profiling:
	ReloadAssembly (2125ms)
		BeginReloadAssembly (131ms)
			ExecutionOrderSort (0ms)
			DisableScriptedObjects (5ms)
			BackupInstance (0ms)
			ReleaseScriptingObjects (0ms)
			CreateAndSetChildDomain (34ms)
		EndReloadAssembly (1768ms)
			LoadAssemblies (166ms)
			RebuildTransferFunctionScriptingTraits (0ms)
			SetupTypeCache (554ms)
			ReleaseScriptCaches (6ms)
			RebuildScriptCaches (104ms)
			SetupLoadedEditorAssemblies (764ms)
				LogAssemblyErrors (0ms)
				InitializePlatformSupportModulesInManaged (51ms)
				SetLoadedEditorAssemblies (1ms)
				RefreshPlugins (5ms)
				BeforeProcessingInitializeOnLoad (131ms)
				ProcessInitializeOnLoadAttributes (491ms)
				ProcessInitializeOnLoadMethodAttributes (72ms)
				AfterProcessingInitializeOnLoad (12ms)
				EditorAssembliesLoaded (1ms)
			ExecutionOrderSort2 (0ms)
			AwakeInstancesAfterBackupRestoration (18ms)
Platform modules already initialized, skipping
Refreshing native plugins compatible for Editor in 2.14 ms, found 3 plugins.
Preloading 0 native plugins for Editor in 0.00 ms.
Unloading 3436 Unused Serialized files (Serialized files now loaded: 0)
Unloading 20 unused Assets / (78.7 KB). Loaded Objects now: 3985.
Memory consumption went from 127.7 MB to 127.7 MB.
Total: 3.437400 ms (FindLiveObjects: 0.266900 ms CreateObjectMapping: 0.076200 ms MarkObjects: 2.912200 ms  DeleteObjects: 0.180300 ms)

AssetImportParameters requested are different than current active one (requested -> active):
  custom:video-decoder-ogg-theora: a1e56fd34408186e4bbccfd4996cb3dc -> 
  custom:container-muxer-webm: aa71ff27fc2769a1b78a27578f13a17b -> 
  custom:container-demuxer-webm: 4f35f7cbe854078d1ac9338744f61a02 -> 
  custom:video-encoder-webm-vp8: eb34c28f22e8b96e1ab97ce403110664 -> 
  custom:audio-encoder-webm-vorbis: bf7c407c2cedff20999df2af8eb42d56 -> 
  custom:framework-win-MediaFoundation: 216162199b28c13a410421893ffa2e32 -> 
  custom:container-demuxer-ogg: 62fdf1f143b41e24485cea50d1cbac27 -> 
  custom:video-decoder-webm-vp8: 9c59270c3fd7afecdb556c50c9e8de78 -> 
  custom:audio-decoder-ogg-vorbis: bf7c407c2cedff20999df2af8eb42d56 -> 
========================================================================
Received Prepare
Registering precompiled user dll's ...
Registered in 0.008632 seconds.
Begin MonoManager ReloadAssembly
Symbol file LoadedFromMemory doesn't match image C:\Users\user\Desktop\Portfolia\Portfolia\Library\PackageCache\com.unity.visualscripting@1.7.8\Editor\VisualScripting.Core\Dependencies\YamlDotNet\Unity.VisualScripting.YamlDotNet.dll
Symbol file LoadedFromMemory doesn't match image C:\Users\user\Desktop\Portfolia\Portfolia\Library\PackageCache\com.unity.visualscripting@1.7.8\Editor\VisualScripting.Core\Dependencies\DotNetZip\Unity.VisualScripting.IonicZip.dll
Native extension for WindowsStandalone target not found
Native extension for Android target not found
Refreshing native plugins compatible for Editor in 4.08 ms, found 3 plugins.
Preloading 0 native plugins for Editor in 0.00 ms.
Mono: successfully reloaded assembly
- Completed reload, in  1.972 seconds
Domain Reload Profiling:
	ReloadAssembly (1976ms)
		BeginReloadAssembly (118ms)
			ExecutionOrderSort (0ms)
			DisableScriptedObjects (5ms)
			BackupInstance (0ms)
			ReleaseScriptingObjects (0ms)
			CreateAndSetChildDomain (32ms)
		EndReloadAssembly (1752ms)
			LoadAssemblies (144ms)
			RebuildTransferFunctionScriptingTraits (0ms)
			SetupTypeCache (555ms)
			ReleaseScriptCaches (3ms)
			RebuildScriptCaches (96ms)
			SetupLoadedEditorAssemblies (780ms)
				LogAssemblyErrors (0ms)
				InitializePlatformSupportModulesInManaged (65ms)
				SetLoadedEditorAssemblies (1ms)
				RefreshPlugins (4ms)
				BeforeProcessingInitializeOnLoad (133ms)
				ProcessInitializeOnLoadAttributes (467ms)
				ProcessInitializeOnLoadMethodAttributes (87ms)
				AfterProcessingInitializeOnLoad (21ms)
				EditorAssembliesLoaded (1ms)
			ExecutionOrderSort2 (0ms)
			AwakeInstancesAfterBackupRestoration (23ms)
Platform modules already initialized, skipping
Refreshing native plugins compatible for Editor in 6.73 ms, found 3 plugins.
Preloading 0 native plugins for Editor in 0.00 ms.
Unloading 3436 Unused Serialized files (Serialized files now loaded: 0)
Unloading 20 unused Assets / (78.8 KB). Loaded Objects now: 3988.
Memory consumption went from 127.7 MB to 127.7 MB.
Total: 7.427400 ms (FindLiveObjects: 0.756900 ms CreateObjectMapping: 0.156600 ms MarkObjects: 6.234300 ms  DeleteObjects: 0.275200 ms)

AssetImportParameters requested are different than current active one (requested -> active):
  custom:video-decoder-ogg-theora: a1e56fd34408186e4bbccfd4996cb3dc -> 
  custom:container-muxer-webm: aa71ff27fc2769a1b78a27578f13a17b -> 
  custom:container-demuxer-webm: 4f35f7cbe854078d1ac9338744f61a02 -> 
  custom:video-encoder-webm-vp8: eb34c28f22e8b96e1ab97ce403110664 -> 
  custom:audio-encoder-webm-vorbis: bf7c407c2cedff20999df2af8eb42d56 -> 
  custom:framework-win-MediaFoundation: 216162199b28c13a410421893ffa2e32 -> 
  custom:container-demuxer-ogg: 62fdf1f143b41e24485cea50d1cbac27 -> 
  custom:video-decoder-webm-vp8: 9c59270c3fd7afecdb556c50c9e8de78 -> 
  custom:audio-decoder-ogg-vorbis: bf7c407c2cedff20999df2af8eb42d56 -> 
========================================================================
Received Import Request.
  Time since last request: 157.442560 seconds.
  path: Assets/Scenes/Start.unity
  artifactKey: Guid(5618dd4b5d77c1d42803cb25d8692c04) Importer(815301076,1909f56bfc062723c751e8b465ee728b)
Start importing Assets/Scenes/Start.unity using Guid(5618dd4b5d77c1d42803cb25d8692c04) Importer(815301076,1909f56bfc062723c751e8b465ee728b)  -> (artifact id: '820f15f6726b82ed2b4943d81e0a5cc3') in 0.013130 seconds 
========================================================================
Received Prepare
Registering precompiled user dll's ...
Registered in 0.005684 seconds.
Begin MonoManager ReloadAssembly
Symbol file LoadedFromMemory doesn't match image C:\Users\user\Desktop\Portfolia\Portfolia\Library\PackageCache\com.unity.visualscripting@1.7.8\Editor\VisualScripting.Core\Dependencies\YamlDotNet\Unity.VisualScripting.YamlDotNet.dll
Symbol file LoadedFromMemory doesn't match image C:\Users\user\Desktop\Portfolia\Portfolia\Library\PackageCache\com.unity.visualscripting@1.7.8\Editor\VisualScripting.Core\Dependencies\DotNetZip\Unity.VisualScripting.IonicZip.dll
Native extension for WindowsStandalone target not found
Native extension for Android target not found
Refreshing native plugins compatible for Editor in 3.02 ms, found 3 plugins.
Preloading 0 native plugins for Editor in 0.00 ms.
Mono: successfully reloaded assembly
- Completed reload, in  2.019 seconds
Domain Reload Profiling:
	ReloadAssembly (2021ms)
		BeginReloadAssembly (137ms)
			ExecutionOrderSort (0ms)
			DisableScriptedObjects (6ms)
			BackupInstance (0ms)
			ReleaseScriptingObjects (0ms)
			CreateAndSetChildDomain (33ms)
		EndReloadAssembly (1778ms)
			LoadAssemblies (102ms)
			RebuildTransferFunctionScriptingTraits (0ms)
			SetupTypeCache (559ms)
			ReleaseScriptCaches (4ms)
			RebuildScriptCaches (103ms)
			SetupLoadedEditorAssemblies (826ms)
				LogAssemblyErrors (0ms)
				InitializePlatformSupportModulesInManaged (65ms)
				SetLoadedEditorAssemblies (1ms)
				RefreshPlugins (3ms)
				BeforeProcessingInitializeOnLoad (157ms)
				ProcessInitializeOnLoadAttributes (505ms)
				ProcessInitializeOnLoadMethodAttributes (80ms)
				AfterProcessingInitializeOnLoad (14ms)
				EditorAssembliesLoaded (1ms)
			ExecutionOrderSort2 (0ms)
			AwakeInstancesAfterBackupRestoration (18ms)
Platform modules already initialized, skipping
Refreshing native plugins compatible for Editor in 4.04 ms, found 3 plugins.
Preloading 0 native plugins for Editor in 0.00 ms.
Unloading 3436 Unused Serialized files (Serialized files now loaded: 0)
Unloading 20 unused Assets / (78.6 KB). Loaded Objects now: 3991.
Memory consumption went from 127.8 MB to 127.7 MB.
Total: 3.442200 ms (FindLiveObjects: 0.311500 ms CreateObjectMapping: 0.093200 ms MarkObjects: 2.907200 ms  DeleteObjects: 0.128900 ms)

AssetImportParameters requested are different than current active one (requested -> active):
  custom:video-decoder-ogg-theora: a1e56fd34408186e4bbccfd4996cb3dc -> 
  custom:container-muxer-webm: aa71ff27fc2769a1b78a27578f13a17b -> 
  custom:container-demuxer-webm: 4f35f7cbe854078d1ac9338744f61a02 -> 
  custom:video-encoder-webm-vp8: eb34c28f22e8b96e1ab97ce403110664 -> 
  custom:audio-encoder-webm-vorbis: bf7c407c2cedff20999df2af8eb42d56 -> 
  custom:framework-win-MediaFoundation: 216162199b28c13a410421893ffa2e32 -> 
  custom:container-demuxer-ogg: 62fdf1f143b41e24485cea50d1cbac27 -> 
  custom:video-decoder-webm-vp8: 9c59270c3fd7afecdb556c50c9e8de78 -> 
  custom:audio-decoder-ogg-vorbis: bf7c407c2cedff20999df2af8eb42d56 -> 
========================================================================
Received Import Request.
  Time since last request: 203.668549 seconds.
  path: Assets/Scenes/MainScene.unity
  artifactKey: Guid(fa3846e3acbfe5c40afc6384875a3128) Importer(815301076,1909f56bfc062723c751e8b465ee728b)
Start importing Assets/Scenes/MainScene.unity using Guid(fa3846e3acbfe5c40afc6384875a3128) Importer(815301076,1909f56bfc062723c751e8b465ee728b)  -> (artifact id: '284edfa163db1ba4a03de816a05be937') in 0.008696 seconds 
========================================================================
Received Import Request.
  Time since last request: 6.988111 seconds.
  path: Assets/Asset/ver3_PolygonalMind/LowPolyOffice/Characters/mesh_office_f_accountant01.fbx
  artifactKey: Guid(1d549942b3bfb7f43a1977dd6aa83a3d) Importer(815301076,1909f56bfc062723c751e8b465ee728b)
Start importing Assets/Asset/ver3_PolygonalMind/LowPolyOffice/Characters/mesh_office_f_accountant01.fbx using Guid(1d549942b3bfb7f43a1977dd6aa83a3d) Importer(815301076,1909f56bfc062723c751e8b465ee728b)  -> (artifact id: '0858c18f753d427f097c92552e1e79bd') in 0.131541 seconds 
========================================================================
Received Import Request.
  Time since last request: 0.000049 seconds.
  path: Assets/Asset/ver3_PolygonalMind/LowPolyOffice/Characters/mesh_office_f_it01.fbx
  artifactKey: Guid(7743b022045d0174d84e071efb0fae67) Importer(815301076,1909f56bfc062723c751e8b465ee728b)
Start importing Assets/Asset/ver3_PolygonalMind/LowPolyOffice/Characters/mesh_office_f_it01.fbx using Guid(7743b022045d0174d84e071efb0fae67) Importer(815301076,1909f56bfc062723c751e8b465ee728b)  -> (artifact id: 'f5185d731751adb7ef99415d0b34970e') in 0.096189 seconds 
========================================================================
Received Import Request.
  Time since last request: 0.000033 seconds.
  path: Assets/Asset/ver3_PolygonalMind/LowPolyOffice/Characters/mesh_office_f_intern01.fbx
  artifactKey: Guid(21a77591a0daf724ab231dca92a3fd89) Importer(815301076,1909f56bfc062723c751e8b465ee728b)
Start importing Assets/Asset/ver3_PolygonalMind/LowPolyOffice/Characters/mesh_office_f_intern01.fbx using Guid(21a77591a0daf724ab231dca92a3fd89) Importer(815301076,1909f56bfc062723c751e8b465ee728b)  -> (artifact id: 'd47e868edf44c1362f7004fdfe095610') in 0.062775 seconds 
========================================================================
Received Import Request.
  Time since last request: 0.000056 seconds.
  path: Assets/Asset/ver3_PolygonalMind/LowPolyOffice/Characters/mesh_office_m_chara01.fbx
  artifactKey: Guid(08a461955fe2451479862746f7aaf670) Importer(815301076,1909f56bfc062723c751e8b465ee728b)
Start importing Assets/Asset/ver3_PolygonalMind/LowPolyOffice/Characters/mesh_office_m_chara01.fbx using Guid(08a461955fe2451479862746f7aaf670) Importer(815301076,1909f56bfc062723c751e8b465ee728b)  -> (artifact id: 'e3803209b800cd0760251542e7e30c6f') in 0.090784 seconds 
========================================================================
Received Import Request.
  Time since last request: 0.000029 seconds.
  path: Assets/Asset/ver3_PolygonalMind/LowPolyOffice/Characters/mesh_office_f_recepcionist01.fbx
  artifactKey: Guid(0f623bf014001584995ab5372e19323d) Importer(815301076,1909f56bfc062723c751e8b465ee728b)
Start importing Assets/Asset/ver3_PolygonalMind/LowPolyOffice/Characters/mesh_office_f_recepcionist01.fbx using Guid(0f623bf014001584995ab5372e19323d) Importer(815301076,1909f56bfc062723c751e8b465ee728b)  -> (artifact id: '4f82a91db07a48274d8a5b4112c416ae') in 0.079787 seconds 
========================================================================
Received Import Request.
  Time since last request: 0.000049 seconds.
  path: Assets/Asset/ver3_PolygonalMind/LowPolyOffice/Characters/mesh_office_f_marketing01.fbx
  artifactKey: Guid(e6cfeff43f9f8d34b88b0b612909ac29) Importer(815301076,1909f56bfc062723c751e8b465ee728b)
Start importing Assets/Asset/ver3_PolygonalMind/LowPolyOffice/Characters/mesh_office_f_marketing01.fbx using Guid(e6cfeff43f9f8d34b88b0b612909ac29) Importer(815301076,1909f56bfc062723c751e8b465ee728b)  -> (artifact id: '159876128f97b329ca8d326ea9a1c1c4') in 0.072623 seconds 
========================================================================
Received Import Request.
  Time since last request: 0.000044 seconds.
  path: Assets/Asset/ver3_PolygonalMind/LowPolyOffice/Characters/mesh_office_f_slacker01.fbx
  artifactKey: Guid(4d8055b6d6938c34c8737df771fae55c) Importer(815301076,1909f56bfc062723c751e8b465ee728b)
Start importing Assets/Asset/ver3_PolygonalMind/LowPolyOffice/Characters/mesh_office_f_slacker01.fbx using Guid(4d8055b6d6938c34c8737df771fae55c) Importer(815301076,1909f56bfc062723c751e8b465ee728b)  -> (artifact id: '32e6335f4986ad1ed7640e8f2ad09cc6') in 0.109030 seconds 
========================================================================
Received Import Request.
  Time since last request: 0.000022 seconds.
  path: Assets/Asset/ver3_PolygonalMind/LowPolyOffice/Characters/mesh_office_m_accountant01.fbx
  artifactKey: Guid(019e63eb398053c4ab097c7d982339d2) Importer(815301076,1909f56bfc062723c751e8b465ee728b)
Start importing Assets/Asset/ver3_PolygonalMind/LowPolyOffice/Characters/mesh_office_m_accountant01.fbx using Guid(019e63eb398053c4ab097c7d982339d2) Importer(815301076,1909f56bfc062723c751e8b465ee728b)  -> (artifact id: '6f41abee83aa6386bfec6664457dfbbe') in 0.064896 seconds 
========================================================================
Received Import Request.
  Time since last request: 0.000060 seconds.
  path: Assets/Asset/ver3_PolygonalMind/LowPolyOffice/Characters/mesh_office_f_boss01.fbx
  artifactKey: Guid(527746c3de683a746b700572020ce4c1) Importer(815301076,1909f56bfc062723c751e8b465ee728b)
Start importing Assets/Asset/ver3_PolygonalMind/LowPolyOffice/Characters/mesh_office_f_boss01.fbx using Guid(527746c3de683a746b700572020ce4c1) Importer(815301076,1909f56bfc062723c751e8b465ee728b)  -> (artifact id: '952d357dda74c4200f8c18952ae99267') in 0.102531 seconds 
========================================================================
Received Import Request.
  Time since last request: 11.418762 seconds.
  path: Assets/Asset/ver3_PolygonalMind/LowPolyOffice/Characters/mesh_office_m_hipster01.fbx
  artifactKey: Guid(ec65e91f0d37ac74a89bcd7fa3354177) Importer(815301076,1909f56bfc062723c751e8b465ee728b)
Start importing Assets/Asset/ver3_PolygonalMind/LowPolyOffice/Characters/mesh_office_m_hipster01.fbx using Guid(ec65e91f0d37ac74a89bcd7fa3354177) Importer(815301076,1909f56bfc062723c751e8b465ee728b)  -> (artifact id: '08f050b7784433ea62ebfb3496ec06f8') in 0.036236 seconds 
========================================================================
Received Import Request.
  Time since last request: 0.000056 seconds.
  path: Assets/Asset/ver3_PolygonalMind/LowPolyOffice/Characters/mesh_office_m_recepcionist01.fbx
  artifactKey: Guid(99ce9a003a52a734eb94c75c86ed4e3d) Importer(815301076,1909f56bfc062723c751e8b465ee728b)
Start importing Assets/Asset/ver3_PolygonalMind/LowPolyOffice/Characters/mesh_office_m_recepcionist01.fbx using Guid(99ce9a003a52a734eb94c75c86ed4e3d) Importer(815301076,1909f56bfc062723c751e8b465ee728b)  -> (artifact id: 'bcfa7f9ae5f5e4d2b4baf134186f7fb7') in 0.085147 seconds 
========================================================================
Received Import Request.
  Time since last request: 0.000020 seconds.
  path: Assets/Asset/ver3_PolygonalMind/LowPolyOffice/Characters/mesh_office_m_rival01.fbx
  artifactKey: Guid(2c6fcb3004ba0e344908982afcefad9c) Importer(815301076,1909f56bfc062723c751e8b465ee728b)
Start importing Assets/Asset/ver3_PolygonalMind/LowPolyOffice/Characters/mesh_office_m_rival01.fbx using Guid(2c6fcb3004ba0e344908982afcefad9c) Importer(815301076,1909f56bfc062723c751e8b465ee728b)  -> (artifact id: '09270916b0bdaf0b83b2661d6dc5f40e') in 0.078158 seconds 
========================================================================
Received Import Request.
  Time since last request: 0.000178 seconds.
  path: Assets/Asset/ver3_PolygonalMind/LowPolyOffice/Characters/mesh_office_m_it01.fbx
  artifactKey: Guid(5773791c2747fd34aa8dfbe1cf71e51a) Importer(815301076,1909f56bfc062723c751e8b465ee728b)
Start importing Assets/Asset/ver3_PolygonalMind/LowPolyOffice/Characters/mesh_office_m_it01.fbx using Guid(5773791c2747fd34aa8dfbe1cf71e51a) Importer(815301076,1909f56bfc062723c751e8b465ee728b)  -> (artifact id: '8dc19f3e9cc931915da94854bd003f4c') in 0.099678 seconds 
========================================================================
Received Import Request.
  Time since last request: 110.687878 seconds.
  path: Assets/Asset/ver3_PolygonalMind/LowPolyOffice/Characters/Textures/texture_01.png
  artifactKey: Guid(577fcb3a5944ef040b25e05e792ae7f1) Importer(815301076,1909f56bfc062723c751e8b465ee728b)
Start importing Assets/Asset/ver3_PolygonalMind/LowPolyOffice/Characters/Textures/texture_01.png using Guid(577fcb3a5944ef040b25e05e792ae7f1) Importer(815301076,1909f56bfc062723c751e8b465ee728b)  -> (artifact id: '5c7ea65a1625b5a4dca13141a3bc8655') in 0.077449 seconds 
========================================================================
Received Import Request.
  Time since last request: 83.917886 seconds.
  path: Assets/Asset/ver3_PolygonalMind/LowPolyOffice/Characters/mesh_office_m_stoned01.fbx
  artifactKey: Guid(79af54673e3c5ef4b81a74e37f691256) Importer(815301076,1909f56bfc062723c751e8b465ee728b)
Start importing Assets/Asset/ver3_PolygonalMind/LowPolyOffice/Characters/mesh_office_m_stoned01.fbx using Guid(79af54673e3c5ef4b81a74e37f691256) Importer(815301076,1909f56bfc062723c751e8b465ee728b)  -> (artifact id: '5b1a85d0f80f31bbc87d1380fe047357') in 0.035617 seconds 
========================================================================
Received Import Request.
  Time since last request: 12.858791 seconds.
  path: Assets/Asset/ver1_building/enviroment/Office building/textures/A.png
  artifactKey: Guid(94565aa0fa109dc49bd6f24ed2421902) Importer(815301076,1909f56bfc062723c751e8b465ee728b)
Start importing Assets/Asset/ver1_building/enviroment/Office building/textures/A.png using Guid(94565aa0fa109dc49bd6f24ed2421902) Importer(815301076,1909f56bfc062723c751e8b465ee728b)  -> (artifact id: '094924373aa516d1bb8dacd5742ad819') in 0.028430 seconds 
========================================================================
Received Import Request.
  Time since last request: 0.000042 seconds.
  path: Assets/Asset/ver1_building/enviroment/Office building/textures/Door.png
  artifactKey: Guid(4fcfcd3925214b042953ae3ea84d0115) Importer(815301076,1909f56bfc062723c751e8b465ee728b)
Start importing Assets/Asset/ver1_building/enviroment/Office building/textures/Door.png using Guid(4fcfcd3925214b042953ae3ea84d0115) Importer(815301076,1909f56bfc062723c751e8b465ee728b)  -> (artifact id: 'e545b235067a2f080be520a64f36874e') in 0.016692 seconds 
========================================================================
Received Import Request.
  Time since last request: 0.000031 seconds.
  path: Assets/Asset/ver1_building/enviroment/Office building/textures/plank.png
  artifactKey: Guid(f0a75af7e9ac9eb49bd79acbdb7b24f9) Importer(815301076,1909f56bfc062723c751e8b465ee728b)
Start importing Assets/Asset/ver1_building/enviroment/Office building/textures/plank.png using Guid(f0a75af7e9ac9eb49bd79acbdb7b24f9) Importer(815301076,1909f56bfc062723c751e8b465ee728b)  -> (artifact id: 'bbbd86563f5e2bf2937d21647d63969b') in 0.018616 seconds 
========================================================================
Received Import Request.
  Time since last request: 0.000034 seconds.
  path: Assets/Asset/ver1_building/enviroment/Office building/textures/marmour.png
  artifactKey: Guid(0ff1216619817484d8abf9accce38084) Importer(815301076,1909f56bfc062723c751e8b465ee728b)
Start importing Assets/Asset/ver1_building/enviroment/Office building/textures/marmour.png using Guid(0ff1216619817484d8abf9accce38084) Importer(815301076,1909f56bfc062723c751e8b465ee728b)  -> (artifact id: '82ffd4d7af68f72c3d8e1d494140c84f') in 0.027763 seconds 
========================================================================
Received Import Request.
  Time since last request: 0.000019 seconds.
  path: Assets/Asset/ver1_building/enviroment/Office building/textures/Railing.png
  artifactKey: Guid(abeb3254b30d14741adf66a8907a5fbf) Importer(815301076,1909f56bfc062723c751e8b465ee728b)
Start importing Assets/Asset/ver1_building/enviroment/Office building/textures/Railing.png using Guid(abeb3254b30d14741adf66a8907a5fbf) Importer(815301076,1909f56bfc062723c751e8b465ee728b)  -> (artifact id: 'dafc75aa594d7415baf6e672e22ef0b4') in 0.019056 seconds 
========================================================================
Received Import Request.
  Time since last request: 0.000033 seconds.
  path: Assets/Asset/ver1_building/enviroment/Office building/textures/Marmor floor.jpg
  artifactKey: Guid(2e49e02ecc3733842be61caab0fdd5e9) Importer(815301076,1909f56bfc062723c751e8b465ee728b)
Start importing Assets/Asset/ver1_building/enviroment/Office building/textures/Marmor floor.jpg using Guid(2e49e02ecc3733842be61caab0fdd5e9) Importer(815301076,1909f56bfc062723c751e8b465ee728b)  -> (artifact id: '25700fb7dbc7d53cda49fdb9571bc370') in 0.035694 seconds 
========================================================================
Received Import Request.
  Time since last request: 0.000042 seconds.
  path: Assets/Asset/ver1_building/enviroment/Office building/textures/Elevator.png
  artifactKey: Guid(ede6dc15f339a324d969c5d5aa4f56d8) Importer(815301076,1909f56bfc062723c751e8b465ee728b)
Start importing Assets/Asset/ver1_building/enviroment/Office building/textures/Elevator.png using Guid(ede6dc15f339a324d969c5d5aa4f56d8) Importer(815301076,1909f56bfc062723c751e8b465ee728b)  -> (artifact id: 'a89487358e41350515b4532e3036dbf5') in 0.019788 seconds 
========================================================================
Received Import Request.
  Time since last request: 0.000033 seconds.
  path: Assets/Asset/ver1_building/enviroment/Office building/textures/Door roof.png
  artifactKey: Guid(dc38877258e0ed146b54c145e0d4681c) Importer(815301076,1909f56bfc062723c751e8b465ee728b)
Start importing Assets/Asset/ver1_building/enviroment/Office building/textures/Door roof.png using Guid(dc38877258e0ed146b54c145e0d4681c) Importer(815301076,1909f56bfc062723c751e8b465ee728b)  -> (artifact id: 'f8326924be852054bb97d71abf3097fc') in 0.015940 seconds 
========================================================================
Received Import Request.
  Time since last request: 0.000032 seconds.
  path: Assets/Asset/ver1_building/enviroment/Office building/textures/cover tile.png
  artifactKey: Guid(b7d60d82c4c05ee46a3e0d30d47130fd) Importer(815301076,1909f56bfc062723c751e8b465ee728b)
Start importing Assets/Asset/ver1_building/enviroment/Office building/textures/cover tile.png using Guid(b7d60d82c4c05ee46a3e0d30d47130fd) Importer(815301076,1909f56bfc062723c751e8b465ee728b)  -> (artifact id: 'e24eebd659670421c007ddf753c8a3ab') in 0.015655 seconds 
========================================================================
Received Import Request.
  Time since last request: 0.000026 seconds.
  path: Assets/Asset/ver1_building/enviroment/Office building/textures/Enery room door.png
  artifactKey: Guid(d5f10350c48a05a409e54c7d04d66d04) Importer(815301076,1909f56bfc062723c751e8b465ee728b)
Start importing Assets/Asset/ver1_building/enviroment/Office building/textures/Enery room door.png using Guid(d5f10350c48a05a409e54c7d04d66d04) Importer(815301076,1909f56bfc062723c751e8b465ee728b)  -> (artifact id: 'c6dc9fd7cd80146e8536b2e5f352d0ce') in 0.018852 seconds 
========================================================================
Received Import Request.
  Time since last request: 0.000030 seconds.
  path: Assets/Asset/ver1_building/enviroment/Office building/textures/natur wood.jpg
  artifactKey: Guid(a8bebaad85ad17d4589b021089955a29) Importer(815301076,1909f56bfc062723c751e8b465ee728b)
Start importing Assets/Asset/ver1_building/enviroment/Office building/textures/natur wood.jpg using Guid(a8bebaad85ad17d4589b021089955a29) Importer(815301076,1909f56bfc062723c751e8b465ee728b)  -> (artifact id: '6384dc143f0355e994b7df53c11b6dd6') in 0.016253 seconds 
========================================================================
Received Import Request.
  Time since last request: 14.163949 seconds.
  path: Assets/Scenes/Start.unity
  artifactKey: Guid(5618dd4b5d77c1d42803cb25d8692c04) Importer(815301076,1909f56bfc062723c751e8b465ee728b)
Start importing Assets/Scenes/Start.unity using Guid(5618dd4b5d77c1d42803cb25d8692c04) Importer(815301076,1909f56bfc062723c751e8b465ee728b)  -> (artifact id: '285e9f9802c1256bc86943a0046b7f6e') in 0.002515 seconds 
========================================================================
Received Import Request.
  Time since last request: 263.269010 seconds.
  path: Assets/CHERRY/Items/ColaMachine prefab.prefab
  artifactKey: Guid(4faae2b5d5d499540863c44557f06f6f) Importer(815301076,1909f56bfc062723c751e8b465ee728b)
Start importing Assets/CHERRY/Items/ColaMachine prefab.prefab using Guid(4faae2b5d5d499540863c44557f06f6f) Importer(815301076,1909f56bfc062723c751e8b465ee728b)  -> (artifact id: 'd89458053a1e4b0c2db10c277988627c') in 0.030261 seconds 
========================================================================
Received Import Request.
  Time since last request: 0.508334 seconds.
  path: Assets/Asset/ver3_PolygonalMind/LowPolyOffice/Scenes/Demo Scene/Sitting (1).fbx
  artifactKey: Guid(e15dbac1b30bbe04184c911e7fd6e70d) Importer(815301076,1909f56bfc062723c751e8b465ee728b)
Start importing Assets/Asset/ver3_PolygonalMind/LowPolyOffice/Scenes/Demo Scene/Sitting (1).fbx using Guid(e15dbac1b30bbe04184c911e7fd6e70d) Importer(815301076,1909f56bfc062723c751e8b465ee728b)  -> (artifact id: '78607d02842b262611ff03564c34f474') in 0.041037 seconds 
========================================================================
Received Import Request.
  Time since last request: 0.000022 seconds.
  path: Assets/Asset/ver3_PolygonalMind/LowPolyOffice/Scenes/Demo Scene/Typing.fbx
  artifactKey: Guid(3d99b844cb5b7c3469919fc7f5ca526e) Importer(815301076,1909f56bfc062723c751e8b465ee728b)
Start importing Assets/Asset/ver3_PolygonalMind/LowPolyOffice/Scenes/Demo Scene/Typing.fbx using Guid(3d99b844cb5b7c3469919fc7f5ca526e) Importer(815301076,1909f56bfc062723c751e8b465ee728b)  -> (artifact id: '9529251550524cca46c287e200729cd8') in 0.045488 seconds 
========================================================================
Received Import Request.
  Time since last request: 0.000030 seconds.
  path: Assets/Asset/ver3_PolygonalMind/LowPolyOffice/Scenes/Demo Scene/Sitting.fbx
  artifactKey: Guid(be65d7d25a2e9ad43bb2f00083ebad14) Importer(815301076,1909f56bfc062723c751e8b465ee728b)
Start importing Assets/Asset/ver3_PolygonalMind/LowPolyOffice/Scenes/Demo Scene/Sitting.fbx using Guid(be65d7d25a2e9ad43bb2f00083ebad14) Importer(815301076,1909f56bfc062723c751e8b465ee728b)  -> (artifact id: '981b731d22e9f17d2f56d299be3af203') in 0.039859 seconds 
========================================================================
Received Import Request.
  Time since last request: 2.557115 seconds.
  path: Assets/Scenes/MainScene.unity
  artifactKey: Guid(fa3846e3acbfe5c40afc6384875a3128) Importer(815301076,1909f56bfc062723c751e8b465ee728b)
Start importing Assets/Scenes/MainScene.unity using Guid(fa3846e3acbfe5c40afc6384875a3128) Importer(815301076,1909f56bfc062723c751e8b465ee728b)  -> (artifact id: '1181a221e48b5390f99525a9fec71042') in 0.004290 seconds 
