Using pre-set license
Built from '2021.3/staging' branch; Version is '2021.3.7f1 (24e8595d6d43) revision 2418777'; Using compiler version '192829333'; Build Type 'Release'
OS: 'Windows 10  (10.0.19044) 64bit Professional' Language: 'ko' Physical Memory: 16016 MB
BatchMode: 1, IsHumanControllingUs: 0, StartBugReporterOnCrash: 0, Is64bit: 1, IsPro: 1

COMMAND LINE ARGUMENTS:
C:\Program Files\Unity\Hub\Editor\2021.3.7f1\Editor\Unity.exe
-adb2
-batchMode
-noUpm
-name
AssetImportWorker0
-projectPath
C:/Users/user/Desktop/채연/개발/Portfolia/Portfolia
-logFile
Logs/AssetImportWorker0.log
-srvPort
63036
Successfully changed project path to: C:/Users/user/Desktop/채연/개발/Portfolia/Portfolia
C:/Users/user/Desktop/채연/개발/Portfolia/Portfolia
[UnityMemory] Configuration Parameters - Can be set up in boot.config
    "memorysetup-bucket-allocator-granularity=16"
    "memorysetup-bucket-allocator-bucket-count=8"
    "memorysetup-bucket-allocator-block-size=33554432"
    "memorysetup-bucket-allocator-block-count=8"
    "memorysetup-main-allocator-block-size=16777216"
    "memorysetup-thread-allocator-block-size=16777216"
    "memorysetup-gfx-main-allocator-block-size=16777216"
    "memorysetup-gfx-thread-allocator-block-size=16777216"
    "memorysetup-cache-allocator-block-size=4194304"
    "memorysetup-typetree-allocator-block-size=2097152"
    "memorysetup-profiler-bucket-allocator-granularity=16"
    "memorysetup-profiler-bucket-allocator-bucket-count=8"
    "memorysetup-profiler-bucket-allocator-block-size=33554432"
    "memorysetup-profiler-bucket-allocator-block-count=8"
    "memorysetup-profiler-allocator-block-size=16777216"
    "memorysetup-profiler-editor-allocator-block-size=1048576"
    "memorysetup-temp-allocator-size-main=16777216"
    "memorysetup-job-temp-allocator-block-size=2097152"
    "memorysetup-job-temp-allocator-block-size-background=1048576"
    "memorysetup-job-temp-allocator-reduction-small-platforms=262144"
    "memorysetup-temp-allocator-size-background-worker=32768"
    "memorysetup-temp-allocator-size-job-worker=262144"
    "memorysetup-temp-allocator-size-preload-manager=33554432"
    "memorysetup-temp-allocator-size-nav-mesh-worker=65536"
    "memorysetup-temp-allocator-size-audio-worker=65536"
    "memorysetup-temp-allocator-size-cloud-worker=32768"
    "memorysetup-temp-allocator-size-gi-baking-worker=262144"
    "memorysetup-temp-allocator-size-gfx=262144"
Refreshing native plugins compatible for Editor in 99.49 ms, found 3 plugins.
Preloading 0 native plugins for Editor in 0.00 ms.
Initialize engine version: 2021.3.7f1 (24e8595d6d43)
[Subsystems] Discovering subsystems at path C:/Program Files/Unity/Hub/Editor/2021.3.7f1/Editor/Data/Resources/UnitySubsystems
[Subsystems] Discovering subsystems at path C:/Users/user/Desktop/채연/개발/Portfolia/Portfolia/Assets
GfxDevice: creating device client; threaded=0; jobified=0
Direct3D:
    Version:  Direct3D 11.0 [level 11.1]
    Renderer: Intel(R) UHD Graphics (ID=0x4628)
    Vendor:   Intel
    VRAM:     8008 MB
    Driver:   31.0.101.3358
Initialize mono
Mono path[0] = 'C:/Program Files/Unity/Hub/Editor/2021.3.7f1/Editor/Data/Managed'
Mono path[1] = 'C:/Program Files/Unity/Hub/Editor/2021.3.7f1/Editor/Data/MonoBleedingEdge/lib/mono/unityjit-win32'
Mono config path = 'C:/Program Files/Unity/Hub/Editor/2021.3.7f1/Editor/Data/MonoBleedingEdge/etc'
Using monoOptions --debugger-agent=transport=dt_socket,embedding=1,server=y,suspend=n,address=127.0.0.1:56492
Begin MonoManager ReloadAssembly
Registering precompiled unity dll's ...
Register platform support module: C:/Program Files/Unity/Hub/Editor/2021.3.7f1/Editor/Data/PlaybackEngines/WebGLSupport/UnityEditor.WebGL.Extensions.dll
Register platform support module: C:/Program Files/Unity/Hub/Editor/2021.3.7f1/Editor/Data/PlaybackEngines/AndroidPlayer/UnityEditor.Android.Extensions.dll
Register platform support module: C:/Program Files/Unity/Hub/Editor/2021.3.7f1/Editor/Data/PlaybackEngines/WindowsStandaloneSupport/UnityEditor.WindowsStandalone.Extensions.dll
Registered in 0.009237 seconds.
Native extension for WindowsStandalone target not found
Native extension for Android target not found
Native extension for WebGL target not found
Refreshing native plugins compatible for Editor in 96.06 ms, found 3 plugins.
Preloading 0 native plugins for Editor in 0.00 ms.
Mono: successfully reloaded assembly
- Completed reload, in  0.683 seconds
Domain Reload Profiling:
	ReloadAssembly (684ms)
		BeginReloadAssembly (73ms)
			ExecutionOrderSort (0ms)
			DisableScriptedObjects (0ms)
			BackupInstance (0ms)
			ReleaseScriptingObjects (0ms)
			CreateAndSetChildDomain (1ms)
		EndReloadAssembly (494ms)
			LoadAssemblies (71ms)
			RebuildTransferFunctionScriptingTraits (0ms)
			SetupTypeCache (106ms)
			ReleaseScriptCaches (0ms)
			RebuildScriptCaches (27ms)
			SetupLoadedEditorAssemblies (307ms)
				LogAssemblyErrors (0ms)
				InitializePlatformSupportModulesInManaged (61ms)
				SetLoadedEditorAssemblies (0ms)
				RefreshPlugins (96ms)
				BeforeProcessingInitializeOnLoad (1ms)
				ProcessInitializeOnLoadAttributes (101ms)
				ProcessInitializeOnLoadMethodAttributes (47ms)
				AfterProcessingInitializeOnLoad (0ms)
				EditorAssembliesLoaded (0ms)
			ExecutionOrderSort2 (0ms)
			AwakeInstancesAfterBackupRestoration (0ms)
Platform modules already initialized, skipping
Registering precompiled user dll's ...
Registered in 0.006233 seconds.
Begin MonoManager ReloadAssembly
Symbol file LoadedFromMemory doesn't match image C:\Users\user\Desktop\채연\개발\Portfolia\Portfolia\Library\PackageCache\com.unity.visualscripting@1.7.8\Editor\VisualScripting.Core\Dependencies\YamlDotNet\Unity.VisualScripting.YamlDotNet.dll
Symbol file LoadedFromMemory doesn't match image C:\Users\user\Desktop\채연\개발\Portfolia\Portfolia\Library\PackageCache\com.unity.visualscripting@1.7.8\Editor\VisualScripting.Core\Dependencies\DotNetZip\Unity.VisualScripting.IonicZip.dll
Native extension for WindowsStandalone target not found
Native extension for Android target not found
Native extension for WebGL target not found
Refreshing native plugins compatible for Editor in 0.84 ms, found 3 plugins.
Preloading 0 native plugins for Editor in 0.00 ms.
Mono: successfully reloaded assembly
- Completed reload, in  1.126 seconds
Domain Reload Profiling:
	ReloadAssembly (1129ms)
		BeginReloadAssembly (193ms)
			ExecutionOrderSort (0ms)
			DisableScriptedObjects (6ms)
			BackupInstance (0ms)
			ReleaseScriptingObjects (0ms)
			CreateAndSetChildDomain (121ms)
		EndReloadAssembly (817ms)
			LoadAssemblies (66ms)
			RebuildTransferFunctionScriptingTraits (0ms)
			SetupTypeCache (259ms)
			ReleaseScriptCaches (0ms)
			RebuildScriptCaches (53ms)
			SetupLoadedEditorAssemblies (378ms)
				LogAssemblyErrors (0ms)
				InitializePlatformSupportModulesInManaged (17ms)
				SetLoadedEditorAssemblies (0ms)
				RefreshPlugins (1ms)
				BeforeProcessingInitializeOnLoad (86ms)
				ProcessInitializeOnLoadAttributes (235ms)
				ProcessInitializeOnLoadMethodAttributes (30ms)
				AfterProcessingInitializeOnLoad (8ms)
				EditorAssembliesLoaded (0ms)
			ExecutionOrderSort2 (0ms)
			AwakeInstancesAfterBackupRestoration (8ms)
Platform modules already initialized, skipping
========================================================================
Worker process is ready to serve import requests
Launched and connected shader compiler UnityShaderCompiler.exe after 0.05 seconds
Refreshing native plugins compatible for Editor in 0.97 ms, found 3 plugins.
Preloading 0 native plugins for Editor in 0.00 ms.
Unloading 3456 Unused Serialized files (Serialized files now loaded: 0)
Unloading 27 unused Assets / (111.2 KB). Loaded Objects now: 3921.
Memory consumption went from 124.5 MB to 124.4 MB.
Total: 3.616400 ms (FindLiveObjects: 0.381800 ms CreateObjectMapping: 0.123500 ms MarkObjects: 2.946700 ms  DeleteObjects: 0.162800 ms)

AssetImportParameters requested are different than current active one (requested -> active):
  custom:video-decoder-ogg-theora: a1e56fd34408186e4bbccfd4996cb3dc -> 
  custom:container-muxer-webm: aa71ff27fc2769a1b78a27578f13a17b -> 
  custom:container-demuxer-webm: 4f35f7cbe854078d1ac9338744f61a02 -> 
  custom:video-encoder-webm-vp8: eb34c28f22e8b96e1ab97ce403110664 -> 
  custom:audio-encoder-webm-vorbis: bf7c407c2cedff20999df2af8eb42d56 -> 
  custom:framework-win-MediaFoundation: 216162199b28c13a410421893ffa2e32 -> 
  custom:container-demuxer-ogg: 62fdf1f143b41e24485cea50d1cbac27 -> 
  custom:video-decoder-webm-vp8: 9c59270c3fd7afecdb556c50c9e8de78 -> 
  custom:audio-decoder-ogg-vorbis: bf7c407c2cedff20999df2af8eb42d56 -> 
========================================================================
Received Import Request.
  Time since last request: 11815.225773 seconds.
  path: Assets/Asset/ver3_PolygonalMind/LowPolyOffice/Scenes/Demo Scene/Sitting (1).fbx
  artifactKey: Guid(e15dbac1b30bbe04184c911e7fd6e70d) Importer(815301076,1909f56bfc062723c751e8b465ee728b)
Start importing Assets/Asset/ver3_PolygonalMind/LowPolyOffice/Scenes/Demo Scene/Sitting (1).fbx using Guid(e15dbac1b30bbe04184c911e7fd6e70d) Importer(815301076,1909f56bfc062723c751e8b465ee728b)  -> (artifact id: '2c74b93453034c8de0463fdf47025d22') in 0.178276 seconds 
========================================================================
Received Import Request.
  Time since last request: 0.000036 seconds.
  path: Assets/Asset/ver3_PolygonalMind/LowPolyOffice/Props/Materials/Wall.mat
  artifactKey: Guid(86d7187940ef286429a5f8c76bbe0e87) Importer(815301076,1909f56bfc062723c751e8b465ee728b)
Start importing Assets/Asset/ver3_PolygonalMind/LowPolyOffice/Props/Materials/Wall.mat using Guid(86d7187940ef286429a5f8c76bbe0e87) Importer(815301076,1909f56bfc062723c751e8b465ee728b)  -> (artifact id: '1ed4f58ab7f219e13809c17228cd8330') in 0.045871 seconds 
========================================================================
Received Import Request.
  Time since last request: 0.000072 seconds.
  path: Assets/Asset/ver3_PolygonalMind/LowPolyOffice/Props/Materials/Floor.mat
  artifactKey: Guid(0e28611e3b43133498728e5ebfe73c5d) Importer(815301076,1909f56bfc062723c751e8b465ee728b)
Start importing Assets/Asset/ver3_PolygonalMind/LowPolyOffice/Props/Materials/Floor.mat using Guid(0e28611e3b43133498728e5ebfe73c5d) Importer(815301076,1909f56bfc062723c751e8b465ee728b)  -> (artifact id: '90493c83267f19038dc01d242cdc52e6') in 0.025107 seconds 
========================================================================
Received Import Request.
  Time since last request: 0.000042 seconds.
  path: Assets/Asset/ver3_PolygonalMind/LowPolyOffice/Scenes/Demo Scene/Sitting Disbelief.fbx
  artifactKey: Guid(b5c2fad6794b85c418391a4ee59c7578) Importer(815301076,1909f56bfc062723c751e8b465ee728b)
Start importing Assets/Asset/ver3_PolygonalMind/LowPolyOffice/Scenes/Demo Scene/Sitting Disbelief.fbx using Guid(b5c2fad6794b85c418391a4ee59c7578) Importer(815301076,1909f56bfc062723c751e8b465ee728b)  -> (artifact id: '45e2699f9017bf6a0415291cb41d9785') in 0.047149 seconds 
========================================================================
Received Import Request.
  Time since last request: 0.000047 seconds.
  path: Assets/Asset/ver3_PolygonalMind/LowPolyOffice/Props/Materials/mesh_desk_01-tech.mat
  artifactKey: Guid(d235a08ed0f762649a3cee4cac73fe50) Importer(815301076,1909f56bfc062723c751e8b465ee728b)
Start importing Assets/Asset/ver3_PolygonalMind/LowPolyOffice/Props/Materials/mesh_desk_01-tech.mat using Guid(d235a08ed0f762649a3cee4cac73fe50) Importer(815301076,1909f56bfc062723c751e8b465ee728b)  -> (artifact id: 'b63dd1c76ca47fc6e1dcc48153aed3b5') in 0.015540 seconds 
========================================================================
Received Import Request.
  Time since last request: 0.000029 seconds.
  path: Assets/Asset/ver3_PolygonalMind/LowPolyOffice/Props/Materials/Gold.mat
  artifactKey: Guid(1e0fd9336ba96dc4289d12ac94e28cfa) Importer(815301076,1909f56bfc062723c751e8b465ee728b)
Start importing Assets/Asset/ver3_PolygonalMind/LowPolyOffice/Props/Materials/Gold.mat using Guid(1e0fd9336ba96dc4289d12ac94e28cfa) Importer(815301076,1909f56bfc062723c751e8b465ee728b)  -> (artifact id: 'f7638c14e1ce3ae80a8375b45460a858') in 0.022338 seconds 
========================================================================
Received Import Request.
  Time since last request: 0.000036 seconds.
  path: Assets/Asset/ver3_PolygonalMind/LowPolyOffice/Scenes/Demo Scene/Typing.fbx
  artifactKey: Guid(3d99b844cb5b7c3469919fc7f5ca526e) Importer(815301076,1909f56bfc062723c751e8b465ee728b)
Start importing Assets/Asset/ver3_PolygonalMind/LowPolyOffice/Scenes/Demo Scene/Typing.fbx using Guid(3d99b844cb5b7c3469919fc7f5ca526e) Importer(815301076,1909f56bfc062723c751e8b465ee728b)  -> (artifact id: 'b374dfb170c1a054e3e9dbd81b4d1d5d') in 0.050737 seconds 
========================================================================
Received Import Request.
  Time since last request: 0.000023 seconds.
  path: Assets/Asset/ver3_PolygonalMind/LowPolyOffice/Props/Materials/screen.mat
  artifactKey: Guid(8d43a69e0ee7c1b45a3d5750b9b8143e) Importer(815301076,1909f56bfc062723c751e8b465ee728b)
Start importing Assets/Asset/ver3_PolygonalMind/LowPolyOffice/Props/Materials/screen.mat using Guid(8d43a69e0ee7c1b45a3d5750b9b8143e) Importer(815301076,1909f56bfc062723c751e8b465ee728b)  -> (artifact id: 'd9b56610741d6c4467df0ff19bb455dd') in 0.023352 seconds 
========================================================================
Received Import Request.
  Time since last request: 0.000060 seconds.
  path: Assets/Asset/ver3_PolygonalMind/LowPolyOffice/Scenes/Demo Scene/Sitting.fbx
  artifactKey: Guid(be65d7d25a2e9ad43bb2f00083ebad14) Importer(815301076,1909f56bfc062723c751e8b465ee728b)
Start importing Assets/Asset/ver3_PolygonalMind/LowPolyOffice/Scenes/Demo Scene/Sitting.fbx using Guid(be65d7d25a2e9ad43bb2f00083ebad14) Importer(815301076,1909f56bfc062723c751e8b465ee728b)  -> (artifact id: 'd270d8b0f207c5fae8fa025b3a78fee5') in 0.061673 seconds 
========================================================================
Received Import Request.
  Time since last request: 1.699167 seconds.
  path: Assets/Scenes/Start.unity
  artifactKey: Guid(5618dd4b5d77c1d42803cb25d8692c04) Importer(815301076,1909f56bfc062723c751e8b465ee728b)
Start importing Assets/Scenes/Start.unity using Guid(5618dd4b5d77c1d42803cb25d8692c04) Importer(815301076,1909f56bfc062723c751e8b465ee728b)  -> (artifact id: '20feeb3b18e4d03f8cad01ee064ce1eb') in 0.005061 seconds 
========================================================================
Received Prepare
Registering precompiled user dll's ...
Registered in 0.007250 seconds.
Begin MonoManager ReloadAssembly
Symbol file LoadedFromMemory doesn't match image C:\Users\user\Desktop\채연\개발\Portfolia\Portfolia\Library\PackageCache\com.unity.visualscripting@1.7.8\Editor\VisualScripting.Core\Dependencies\YamlDotNet\Unity.VisualScripting.YamlDotNet.dll
Symbol file LoadedFromMemory doesn't match image C:\Users\user\Desktop\채연\개발\Portfolia\Portfolia\Library\PackageCache\com.unity.visualscripting@1.7.8\Editor\VisualScripting.Core\Dependencies\DotNetZip\Unity.VisualScripting.IonicZip.dll
Native extension for WindowsStandalone target not found
Native extension for Android target not found
Native extension for WebGL target not found
Refreshing native plugins compatible for Editor in 2.15 ms, found 3 plugins.
Preloading 0 native plugins for Editor in 0.00 ms.
Mono: successfully reloaded assembly
- Completed reload, in  1.553 seconds
Domain Reload Profiling:
	ReloadAssembly (1554ms)
		BeginReloadAssembly (130ms)
			ExecutionOrderSort (0ms)
			DisableScriptedObjects (4ms)
			BackupInstance (0ms)
			ReleaseScriptingObjects (0ms)
			CreateAndSetChildDomain (34ms)
		EndReloadAssembly (1269ms)
			LoadAssemblies (130ms)
			RebuildTransferFunctionScriptingTraits (0ms)
			SetupTypeCache (390ms)
			ReleaseScriptCaches (2ms)
			RebuildScriptCaches (64ms)
			SetupLoadedEditorAssemblies (556ms)
				LogAssemblyErrors (0ms)
				InitializePlatformSupportModulesInManaged (44ms)
				SetLoadedEditorAssemblies (1ms)
				RefreshPlugins (2ms)
				BeforeProcessingInitializeOnLoad (109ms)
				ProcessInitializeOnLoadAttributes (337ms)
				ProcessInitializeOnLoadMethodAttributes (48ms)
				AfterProcessingInitializeOnLoad (14ms)
				EditorAssembliesLoaded (0ms)
			ExecutionOrderSort2 (0ms)
			AwakeInstancesAfterBackupRestoration (13ms)
Platform modules already initialized, skipping
Refreshing native plugins compatible for Editor in 5.35 ms, found 3 plugins.
Preloading 0 native plugins for Editor in 0.00 ms.
Unloading 3438 Unused Serialized files (Serialized files now loaded: 0)
Unloading 20 unused Assets / (78.8 KB). Loaded Objects now: 3966.
Memory consumption went from 127.8 MB to 127.7 MB.
Total: 3.823500 ms (FindLiveObjects: 0.350600 ms CreateObjectMapping: 0.102700 ms MarkObjects: 3.279600 ms  DeleteObjects: 0.089300 ms)

AssetImportParameters requested are different than current active one (requested -> active):
  custom:video-decoder-ogg-theora: a1e56fd34408186e4bbccfd4996cb3dc -> 
  custom:container-muxer-webm: aa71ff27fc2769a1b78a27578f13a17b -> 
  custom:container-demuxer-webm: 4f35f7cbe854078d1ac9338744f61a02 -> 
  custom:video-encoder-webm-vp8: eb34c28f22e8b96e1ab97ce403110664 -> 
  custom:audio-encoder-webm-vorbis: bf7c407c2cedff20999df2af8eb42d56 -> 
  custom:framework-win-MediaFoundation: 216162199b28c13a410421893ffa2e32 -> 
  custom:container-demuxer-ogg: 62fdf1f143b41e24485cea50d1cbac27 -> 
  custom:video-decoder-webm-vp8: 9c59270c3fd7afecdb556c50c9e8de78 -> 
  custom:audio-decoder-ogg-vorbis: bf7c407c2cedff20999df2af8eb42d56 -> 
========================================================================
Received Import Request.
  Time since last request: 9.678456 seconds.
  path: Assets/Inseo/Inseo_Booth.prefab
  artifactKey: Guid(a8584de67c0727d4ca5d3be9273edcdc) Importer(815301076,1909f56bfc062723c751e8b465ee728b)
Start importing Assets/Inseo/Inseo_Booth.prefab using Guid(a8584de67c0727d4ca5d3be9273edcdc) Importer(815301076,1909f56bfc062723c751e8b465ee728b)  -> (artifact id: '08debf3655fd2ad225568a67fd086b05') in 0.141502 seconds 
========================================================================
Received Import Request.
  Time since last request: 0.000028 seconds.
  path: Assets/Inseo/SWCON_Booth.prefab
  artifactKey: Guid(9b29ca72ca364bc4697f47dbf9c72279) Importer(815301076,1909f56bfc062723c751e8b465ee728b)
Start importing Assets/Inseo/SWCON_Booth.prefab using Guid(9b29ca72ca364bc4697f47dbf9c72279) Importer(815301076,1909f56bfc062723c751e8b465ee728b)  -> (artifact id: '539866cff65af453a4d56e790c1ba6e4') in 0.036637 seconds 
========================================================================
Received Import Request.
  Time since last request: 2.395622 seconds.
  path: Assets/SoYeon/lazy-village-15547.mp3
  artifactKey: Guid(6be37bc66c3bc8342ad7f0b85c8fc8c6) Importer(815301076,1909f56bfc062723c751e8b465ee728b)
Start importing Assets/SoYeon/lazy-village-15547.mp3 using Guid(6be37bc66c3bc8342ad7f0b85c8fc8c6) Importer(815301076,1909f56bfc062723c751e8b465ee728b)  -> (artifact id: 'aa5950bbbd34252bde44ba2b584db5e3') in 0.028555 seconds 
========================================================================
Received Import Request.
  Time since last request: 1.853509 seconds.
  path: Assets/StarterAssets/ThirdPersonController
  artifactKey: Guid(23fe2417d7718d24d8dd88952bf862c7) Importer(815301076,1909f56bfc062723c751e8b465ee728b)
Start importing Assets/StarterAssets/ThirdPersonController using Guid(23fe2417d7718d24d8dd88952bf862c7) Importer(815301076,1909f56bfc062723c751e8b465ee728b)  -> (artifact id: 'c036b2c6ccd73514556973f010bee674') in 0.006732 seconds 
========================================================================
Received Import Request.
  Time since last request: 3.102311 seconds.
  path: Assets/CHERRY/Player0.prefab
  artifactKey: Guid(20758661f313a6a48be3c6178cc3ddcd) Importer(815301076,1909f56bfc062723c751e8b465ee728b)
Start importing Assets/CHERRY/Player0.prefab using Guid(20758661f313a6a48be3c6178cc3ddcd) Importer(815301076,1909f56bfc062723c751e8b465ee728b)  -> (artifact id: 'b2db37c8bbd3d58b7add3784ac7e3c99') in 0.104941 seconds 
========================================================================
Received Import Request.
  Time since last request: 0.000027 seconds.
  path: Assets/CHERRY/Player5.prefab
  artifactKey: Guid(c0435ff12562c9343a3b143d33c31fca) Importer(815301076,1909f56bfc062723c751e8b465ee728b)
Start importing Assets/CHERRY/Player5.prefab using Guid(c0435ff12562c9343a3b143d33c31fca) Importer(815301076,1909f56bfc062723c751e8b465ee728b)  -> (artifact id: '7165cc70587875693289f1478b717705') in 0.101560 seconds 
========================================================================
Received Import Request.
  Time since last request: 0.000039 seconds.
  path: Assets/CHERRY/Player2.prefab
  artifactKey: Guid(67896a68e5784f44db3192d089fd26f7) Importer(815301076,1909f56bfc062723c751e8b465ee728b)
Start importing Assets/CHERRY/Player2.prefab using Guid(67896a68e5784f44db3192d089fd26f7) Importer(815301076,1909f56bfc062723c751e8b465ee728b)  -> (artifact id: 'e9d97cf1dabddc9722bd23901597aaa1') in 0.100337 seconds 
========================================================================
Received Import Request.
  Time since last request: 2.388870 seconds.
  path: Assets/CHERRY/Character
  artifactKey: Guid(3dde0bbcfb4295646b2a002afdc13c6d) Importer(815301076,1909f56bfc062723c751e8b465ee728b)
Start importing Assets/CHERRY/Character using Guid(3dde0bbcfb4295646b2a002afdc13c6d) Importer(815301076,1909f56bfc062723c751e8b465ee728b)  -> (artifact id: '43522c6690dffb5ee05030668f50ab40') in 0.006078 seconds 
========================================================================
Received Import Request.
  Time since last request: 0.080508 seconds.
  path: Assets/CHERRY/Character/player0.fbx
  artifactKey: Guid(4cd1d8a3fc2464b43b0399f07fdad9f0) Importer(815301076,1909f56bfc062723c751e8b465ee728b)
Start importing Assets/CHERRY/Character/player0.fbx using Guid(4cd1d8a3fc2464b43b0399f07fdad9f0) Importer(815301076,1909f56bfc062723c751e8b465ee728b)  -> (artifact id: '02d16e329eba2fd822bff7e157cd5ba0') in 0.041774 seconds 
========================================================================
Received Import Request.
  Time since last request: 0.000024 seconds.
  path: Assets/CHERRY/Character/player5.fbx
  artifactKey: Guid(a8a9111dda17c03468f31a452d4b1727) Importer(815301076,1909f56bfc062723c751e8b465ee728b)
Start importing Assets/CHERRY/Character/player5.fbx using Guid(a8a9111dda17c03468f31a452d4b1727) Importer(815301076,1909f56bfc062723c751e8b465ee728b)  -> (artifact id: '2b8a60e8fca19c18002c856e572ced76') in 0.037123 seconds 
========================================================================
Received Import Request.
  Time since last request: 0.000023 seconds.
  path: Assets/CHERRY/Character/player2.fbx
  artifactKey: Guid(21a77591a0daf724ab231dca92a3fd89) Importer(815301076,1909f56bfc062723c751e8b465ee728b)
Start importing Assets/CHERRY/Character/player2.fbx using Guid(21a77591a0daf724ab231dca92a3fd89) Importer(815301076,1909f56bfc062723c751e8b465ee728b)  -> (artifact id: '7b761c9dbdb0e352ce72b6b3e6f02540') in 0.044332 seconds 
========================================================================
Received Import Request.
  Time since last request: 0.884350 seconds.
  path: Assets/CHERRY/Character/Materials
  artifactKey: Guid(8ecf524ab25297a48998db7ce52a2ebe) Importer(815301076,1909f56bfc062723c751e8b465ee728b)
Start importing Assets/CHERRY/Character/Materials using Guid(8ecf524ab25297a48998db7ce52a2ebe) Importer(815301076,1909f56bfc062723c751e8b465ee728b)  -> (artifact id: 'cb82014040f94d77e40a6e4faf3121a1') in 0.007355 seconds 
========================================================================
Received Import Request.
  Time since last request: 0.095695 seconds.
  path: Assets/CHERRY/Character/Materials/character.mat
  artifactKey: Guid(b3c491cc9043f034a9dcd798df02ae23) Importer(815301076,1909f56bfc062723c751e8b465ee728b)
Start importing Assets/CHERRY/Character/Materials/character.mat using Guid(b3c491cc9043f034a9dcd798df02ae23) Importer(815301076,1909f56bfc062723c751e8b465ee728b)  -> (artifact id: '8311a95d90758e3ef274f9981d80c373') in 0.024848 seconds 
========================================================================
Received Import Request.
  Time since last request: 1.846093 seconds.
  path: Assets/Asset/ver1_building/enviroment/Office building/textures/A.png
  artifactKey: Guid(94565aa0fa109dc49bd6f24ed2421902) Importer(815301076,1909f56bfc062723c751e8b465ee728b)
Start importing Assets/Asset/ver1_building/enviroment/Office building/textures/A.png using Guid(94565aa0fa109dc49bd6f24ed2421902) Importer(815301076,1909f56bfc062723c751e8b465ee728b)  -> (artifact id: '094924373aa516d1bb8dacd5742ad819') in 0.028686 seconds 
========================================================================
Received Import Request.
  Time since last request: 0.000025 seconds.
  path: Packages/com.unity.collab-proxy/Editor/Collaborate/Assets/Icons/added-file-dark.png
  artifactKey: Guid(1a4f52b613391cd449af3ad2e44affeb) Importer(815301076,1909f56bfc062723c751e8b465ee728b)
Start importing Packages/com.unity.collab-proxy/Editor/Collaborate/Assets/Icons/added-file-dark.png using Guid(1a4f52b613391cd449af3ad2e44affeb) Importer(815301076,1909f56bfc062723c751e8b465ee728b)  -> (artifact id: '0fa69aaa28f624d131403c0573ee223e') in 0.015661 seconds 
========================================================================
Received Import Request.
  Time since last request: 0.000018 seconds.
  path: Packages/com.unity.collab-proxy/Editor/Collaborate/Assets/Icons/added-file-light@2x.png
  artifactKey: Guid(ec2e3aa6d0ab8ce4eac29b56d65d61d5) Importer(815301076,1909f56bfc062723c751e8b465ee728b)
Start importing Packages/com.unity.collab-proxy/Editor/Collaborate/Assets/Icons/added-file-light@2x.png using Guid(ec2e3aa6d0ab8ce4eac29b56d65d61d5) Importer(815301076,1909f56bfc062723c751e8b465ee728b)  -> (artifact id: 'ecef179c2814b82152723db2c53a44d1') in 0.014997 seconds 
========================================================================
Received Import Request.
  Time since last request: 3.068694 seconds.
  path: Assets/Asset/Prop2_City_Character/Meshes,textures/props_FBX/ATM texture.png
  artifactKey: Guid(0adf9e72f6db90e4e9240239ed1ba57f) Importer(815301076,1909f56bfc062723c751e8b465ee728b)
Start importing Assets/Asset/Prop2_City_Character/Meshes,textures/props_FBX/ATM texture.png using Guid(0adf9e72f6db90e4e9240239ed1ba57f) Importer(815301076,1909f56bfc062723c751e8b465ee728b)  -> (artifact id: '7c6170c1f690136c179de8d8081069f1') in 0.014818 seconds 
========================================================================
Received Import Request.
  Time since last request: 0.000022 seconds.
  path: Assets/Asset/Prop2_City_Character/Meshes,textures/props_FBX/big trash bin texture.png
  artifactKey: Guid(cb629d531f414f64288cca236d43f674) Importer(815301076,1909f56bfc062723c751e8b465ee728b)
Start importing Assets/Asset/Prop2_City_Character/Meshes,textures/props_FBX/big trash bin texture.png using Guid(cb629d531f414f64288cca236d43f674) Importer(815301076,1909f56bfc062723c751e8b465ee728b)  -> (artifact id: 'eaf7123ba57333c6b129993be5d0528e') in 0.016663 seconds 
========================================================================
Received Import Request.
  Time since last request: 0.000027 seconds.
  path: Assets/Asset/Prop2_City_Character/Meshes,textures/props_FBX/Bench texture.png
  artifactKey: Guid(9a4a04b84933213428ed33e0c31813b7) Importer(815301076,1909f56bfc062723c751e8b465ee728b)
Start importing Assets/Asset/Prop2_City_Character/Meshes,textures/props_FBX/Bench texture.png using Guid(9a4a04b84933213428ed33e0c31813b7) Importer(815301076,1909f56bfc062723c751e8b465ee728b)  -> (artifact id: '528907e9d65cc226eef3d31feb275f0f') in 0.015496 seconds 
========================================================================
Received Import Request.
  Time since last request: 0.000023 seconds.
  path: Assets/Asset/Prop2_City_Character/Meshes,textures/props_FBX/bus stop sign texture 1.png
  artifactKey: Guid(8c4a916e93a439b4c8becf84d7a10869) Importer(815301076,1909f56bfc062723c751e8b465ee728b)
Start importing Assets/Asset/Prop2_City_Character/Meshes,textures/props_FBX/bus stop sign texture 1.png using Guid(8c4a916e93a439b4c8becf84d7a10869) Importer(815301076,1909f56bfc062723c751e8b465ee728b)  -> (artifact id: '11a681cfba6e9ab39d6b5c6069060943') in 0.016408 seconds 
========================================================================
Received Import Request.
  Time since last request: 0.819520 seconds.
  path: Assets/ImportAssets/PolygonTown/Materials/PolygonTown_Texture_01_A.png
  artifactKey: Guid(3b60979ec43b5df4d956da758c75248b) Importer(815301076,1909f56bfc062723c751e8b465ee728b)
Start importing Assets/ImportAssets/PolygonTown/Materials/PolygonTown_Texture_01_A.png using Guid(3b60979ec43b5df4d956da758c75248b) Importer(815301076,1909f56bfc062723c751e8b465ee728b)  -> (artifact id: 'b2204cf96e48f92ce3475ee25c0d733a') in 0.018631 seconds 
========================================================================
Received Import Request.
  Time since last request: 0.000024 seconds.
  path: Assets/Asset/ver3_PolygonalMind/LowPolyOffice/Scenes/Demo Scene/Textures/texture_01.png
  artifactKey: Guid(92612c382c0c91d4e934e45cc78f67ce) Importer(815301076,1909f56bfc062723c751e8b465ee728b)
Start importing Assets/Asset/ver3_PolygonalMind/LowPolyOffice/Scenes/Demo Scene/Textures/texture_01.png using Guid(92612c382c0c91d4e934e45cc78f67ce) Importer(815301076,1909f56bfc062723c751e8b465ee728b)  -> (artifact id: '6538327eb97bc16f21a89f7bc6e9875c') in 0.016487 seconds 
========================================================================
Received Import Request.
  Time since last request: 0.000053 seconds.
  path: Assets/ImportAssets/PolygonTown/Textures/Misc/PolygonTown_Texture_Normal_A.png
  artifactKey: Guid(f19d91fb55c31f3489e749e808679b35) Importer(815301076,1909f56bfc062723c751e8b465ee728b)
Start importing Assets/ImportAssets/PolygonTown/Textures/Misc/PolygonTown_Texture_Normal_A.png using Guid(f19d91fb55c31f3489e749e808679b35) Importer(815301076,1909f56bfc062723c751e8b465ee728b)  -> (artifact id: '0bdea59dd72e36c29a4592b6647ecab1') in 0.023777 seconds 
========================================================================
Received Import Request.
  Time since last request: 11.498495 seconds.
  path: Assets/CHERRY/Character/Materials/character.mat
  artifactKey: Guid(b3c491cc9043f034a9dcd798df02ae23) Importer(815301076,1909f56bfc062723c751e8b465ee728b)
Start importing Assets/CHERRY/Character/Materials/character.mat using Guid(b3c491cc9043f034a9dcd798df02ae23) Importer(815301076,1909f56bfc062723c751e8b465ee728b)  -> (artifact id: '74f978df43967bdeef50bced3702e343') in 0.015971 seconds 
========================================================================
Received Prepare
Registering precompiled user dll's ...
Registered in 0.006070 seconds.
Begin MonoManager ReloadAssembly
Symbol file LoadedFromMemory doesn't match image C:\Users\user\Desktop\채연\개발\Portfolia\Portfolia\Library\PackageCache\com.unity.visualscripting@1.7.8\Editor\VisualScripting.Core\Dependencies\YamlDotNet\Unity.VisualScripting.YamlDotNet.dll
Symbol file LoadedFromMemory doesn't match image C:\Users\user\Desktop\채연\개발\Portfolia\Portfolia\Library\PackageCache\com.unity.visualscripting@1.7.8\Editor\VisualScripting.Core\Dependencies\DotNetZip\Unity.VisualScripting.IonicZip.dll
Native extension for WindowsStandalone target not found
Native extension for Android target not found
Native extension for WebGL target not found
Refreshing native plugins compatible for Editor in 3.59 ms, found 3 plugins.
Preloading 0 native plugins for Editor in 0.00 ms.
Mono: successfully reloaded assembly
- Completed reload, in  1.931 seconds
Domain Reload Profiling:
	ReloadAssembly (1933ms)
		BeginReloadAssembly (133ms)
			ExecutionOrderSort (0ms)
			DisableScriptedObjects (6ms)
			BackupInstance (0ms)
			ReleaseScriptingObjects (0ms)
			CreateAndSetChildDomain (35ms)
		EndReloadAssembly (1703ms)
			LoadAssemblies (98ms)
			RebuildTransferFunctionScriptingTraits (0ms)
			SetupTypeCache (618ms)
			ReleaseScriptCaches (4ms)
			RebuildScriptCaches (92ms)
			SetupLoadedEditorAssemblies (730ms)
				LogAssemblyErrors (0ms)
				InitializePlatformSupportModulesInManaged (63ms)
				SetLoadedEditorAssemblies (1ms)
				RefreshPlugins (4ms)
				BeforeProcessingInitializeOnLoad (133ms)
				ProcessInitializeOnLoadAttributes (429ms)
				ProcessInitializeOnLoadMethodAttributes (82ms)
				AfterProcessingInitializeOnLoad (18ms)
				EditorAssembliesLoaded (1ms)
			ExecutionOrderSort2 (0ms)
			AwakeInstancesAfterBackupRestoration (16ms)
Platform modules already initialized, skipping
Refreshing native plugins compatible for Editor in 4.33 ms, found 3 plugins.
Preloading 0 native plugins for Editor in 0.00 ms.
Unloading 3438 Unused Serialized files (Serialized files now loaded: 0)
Unloading 21 unused Assets / (79.1 KB). Loaded Objects now: 3979.
Memory consumption went from 128.2 MB to 128.2 MB.
Total: 4.239300 ms (FindLiveObjects: 0.594100 ms CreateObjectMapping: 0.178600 ms MarkObjects: 3.270100 ms  DeleteObjects: 0.194700 ms)

AssetImportParameters requested are different than current active one (requested -> active):
  custom:video-decoder-ogg-theora: a1e56fd34408186e4bbccfd4996cb3dc -> 
  custom:container-muxer-webm: aa71ff27fc2769a1b78a27578f13a17b -> 
  custom:container-demuxer-webm: 4f35f7cbe854078d1ac9338744f61a02 -> 
  custom:video-encoder-webm-vp8: eb34c28f22e8b96e1ab97ce403110664 -> 
  custom:audio-encoder-webm-vorbis: bf7c407c2cedff20999df2af8eb42d56 -> 
  custom:framework-win-MediaFoundation: 216162199b28c13a410421893ffa2e32 -> 
  custom:container-demuxer-ogg: 62fdf1f143b41e24485cea50d1cbac27 -> 
  custom:video-decoder-webm-vp8: 9c59270c3fd7afecdb556c50c9e8de78 -> 
  custom:audio-decoder-ogg-vorbis: bf7c407c2cedff20999df2af8eb42d56 -> 
